#
# A fatal error has been detected by the Java Runtime Environment:
#
#  EXCEPTION_UNCAUGHT_CXX_EXCEPTION (0xe06d7363) at pc=0x00007fff15d740ac, pid=73652, tid=79904
#
# JRE version: OpenJDK Runtime Environment Temurin-17.0.6+10 (17.0.6+10) (build 17.0.6+10)
# Java VM: OpenJDK 64-Bit Server VM Temurin-17.0.6+10 (17.0.6+10, mixed mode, emulated-client, tiered, compressed oops, compressed class ptrs, g1 gc, windows-amd64)
# Problematic frame:
# C  [KERNELBASE.dll+0x440ac]
#
# No core dump will be written. Minidumps are not enabled by default on client versions of Windows
#
# If you would like to submit a bug report, please visit:
#   https://github.com/adoptium/adoptium-support/issues
#

---------------  S U M M A R Y ------------

Command Line: -Dcom.sun.management.jmxremote -Dcom.sun.management.jmxremote.port=49405 -Dcom.sun.management.jmxremote.authenticate=false -Dcom.sun.management.jmxremote.ssl=false -Djava.rmi.server.hostname=localhost -Dspring.jmx.enabled=true -Dmanagement.endpoints.jmx.exposure.include=* -Dspring.application.admin.enabled=true -XX:TieredStopAtLevel=1 -Dspring.boot.project.name=blogpessoal -Dfile.encoding=UTF-8 -XX:+ShowCodeDetailsInExceptionMessages com.generation.blogpessoal.BlogpessoalApplication --spring.output.ansi.enabled=always

Host: Intel(R) Core(TM) i3-10110U CPU @ 2.10GHz, 4 cores, 3G,  Windows 11 , 64 bit Build 22000 (10.0.22000.1516)
Time: Fri Apr 14 11:27:28 2023 Hora oficial do Brasil elapsed time: 9.509026 seconds (0d 0h 0m 9s)

---------------  T H R E A D  ---------------

Current thread (0x0000021b09af8210):  JavaThread "restartedMain" [_thread_in_vm, id=79904, stack(0x000000c0f2500000,0x000000c0f2600000)]

Stack: [0x000000c0f2500000,0x000000c0f2600000],  sp=0x000000c0f25fb2b0,  free space=1004k
Native frames: (J=compiled Java code, j=interpreted, Vv=VM code, C=native code)
C  [KERNELBASE.dll+0x440ac]
C  [VCRUNTIME140.dll+0x6220]
C  [jimage.dll+0x32a7]
C  [jimage.dll+0x2a15]
C  [jimage.dll+0x145b]
C  [jimage.dll+0x1e97]
C  [jimage.dll+0x1f2e]
C  [jimage.dll+0x2666]
V  [jvm.dll+0x1f238d]
V  [jvm.dll+0x1f0fb2]
V  [jvm.dll+0x7aea1b]
V  [jvm.dll+0x7afdc2]
V  [jvm.dll+0x7b00f8]
V  [jvm.dll+0x413078]
C  [java.dll+0x13e9]

Java frames: (J=compiled Java code, j=interpreted, Vv=VM code)
J 945  java.lang.Class.forName0(Ljava/lang/String;ZLjava/lang/ClassLoader;Ljava/lang/Class;)Ljava/lang/Class; java.base@17.0.6 (0 bytes) @ 0x0000021b038479a7 [0x0000021b03847920+0x0000000000000087]
J 946 c1 java.lang.Class.forName(Ljava/lang/String;ZLjava/lang/ClassLoader;)Ljava/lang/Class; java.base@17.0.6 (47 bytes) @ 0x0000021b03847f34 [0x0000021b03847e40+0x00000000000000f4]
j  sun.nio.cs.StandardCharsets.lookup(Ljava/lang/String;)Ljava/nio/charset/Charset;+122 java.base@17.0.6
j  sun.nio.cs.StandardCharsets.charsetForName(Ljava/lang/String;)Ljava/nio/charset/Charset;+6 java.base@17.0.6
j  java.nio.charset.Charset.lookup2(Ljava/lang/String;)Ljava/nio/charset/Charset;+39 java.base@17.0.6
j  java.nio.charset.Charset.lookup(Ljava/lang/String;)Ljava/nio/charset/Charset;+40 java.base@17.0.6
j  java.nio.charset.Charset.forName(Ljava/lang/String;)Ljava/nio/charset/Charset;+1 java.base@17.0.6
j  com.mysql.cj.MysqlCharset.<init>(Ljava/lang/String;II[Ljava/lang/String;Lcom/mysql/cj/ServerVersion;)V+61
j  com.mysql.cj.CharsetMapping.<clinit>()V+247
v  ~StubRoutines::call_stub
j  com.mysql.cj.protocol.a.NativeProtocol.beforeHandshake()V+28
j  com.mysql.cj.protocol.a.NativeProtocol.connect(Ljava/lang/String;Ljava/lang/String;Ljava/lang/String;)V+1
j  com.mysql.cj.NativeSession.connect(Lcom/mysql/cj/conf/HostInfo;Ljava/lang/String;Ljava/lang/String;Ljava/lang/String;ILcom/mysql/cj/TransactionEventHandler;)V+110
j  com.mysql.cj.jdbc.ConnectionImpl.connectOneTryOnly(Z)V+32
j  com.mysql.cj.jdbc.ConnectionImpl.createNewIO(Z)V+27
j  com.mysql.cj.jdbc.ConnectionImpl.<init>(Lcom/mysql/cj/conf/HostInfo;)V+753
j  com.mysql.cj.jdbc.ConnectionImpl.getInstance(Lcom/mysql/cj/conf/HostInfo;)Lcom/mysql/cj/jdbc/JdbcConnection;+5
j  com.mysql.cj.jdbc.NonRegisteringDriver.connect(Ljava/lang/String;Ljava/util/Properties;)Ljava/sql/Connection;+72
j  com.zaxxer.hikari.util.DriverDataSource.getConnection(Ljava/lang/String;Ljava/lang/String;)Ljava/sql/Connection;+61
j  com.zaxxer.hikari.pool.PoolBase.newConnection()Ljava/sql/Connection;+49
j  com.zaxxer.hikari.pool.PoolBase.newPoolEntry()Lcom/zaxxer/hikari/pool/PoolEntry;+5
j  com.zaxxer.hikari.pool.HikariPool.createPoolEntry()Lcom/zaxxer/hikari/pool/PoolEntry;+1
j  com.zaxxer.hikari.pool.HikariPool.checkFailFast()V+20
j  com.zaxxer.hikari.pool.HikariPool.<init>(Lcom/zaxxer/hikari/HikariConfig;)V+138
j  com.zaxxer.hikari.HikariDataSource.getConnection()Ljava/sql/Connection;+82
j  org.hibernate.engine.jdbc.connections.internal.DatasourceConnectionProviderImpl.getConnection()Ljava/sql/Connection;+48
j  org.hibernate.engine.jdbc.env.internal.JdbcEnvironmentInitiator$ConnectionProviderJdbcConnectionAccess.obtainConnection()Ljava/sql/Connection;+4
j  org.hibernate.engine.jdbc.env.internal.JdbcEnvironmentInitiator.initiateService(Ljava/util/Map;Lorg/hibernate/service/spi/ServiceRegistryImplementor;)Lorg/hibernate/engine/jdbc/env/spi/JdbcEnvironment;+218
j  org.hibernate.engine.jdbc.env.internal.JdbcEnvironmentInitiator.initiateService(Ljava/util/Map;Lorg/hibernate/service/spi/ServiceRegistryImplementor;)Lorg/hibernate/service/Service;+3
j  org.hibernate.boot.registry.internal.StandardServiceRegistryImpl.initiateService(Lorg/hibernate/service/spi/ServiceInitiator;)Lorg/hibernate/service/Service;+9
j  org.hibernate.service.internal.AbstractServiceRegistryImpl.createService(Lorg/hibernate/service/spi/ServiceBinding;)Lorg/hibernate/service/Service;+26
j  org.hibernate.service.internal.AbstractServiceRegistryImpl.initializeService(Lorg/hibernate/service/spi/ServiceBinding;)Lorg/hibernate/service/Service;+30
j  org.hibernate.service.internal.AbstractServiceRegistryImpl.getService(Ljava/lang/Class;)Lorg/hibernate/service/Service;+88
j  org.hibernate.boot.model.relational.Database.<init>(Lorg/hibernate/boot/spi/MetadataBuildingOptions;)V+10
j  org.hibernate.boot.internal.InFlightMetadataCollectorImpl.getDatabase()Lorg/hibernate/boot/model/relational/Database;+16
j  org.hibernate.boot.internal.InFlightMetadataCollectorImpl.<init>(Lorg/hibernate/boot/spi/BootstrapContext;Lorg/hibernate/boot/spi/MetadataBuildingOptions;)V+379
j  org.hibernate.boot.model.process.spi.MetadataBuildingProcess.complete(Lorg/hibernate/boot/model/process/spi/ManagedResources;Lorg/hibernate/boot/spi/BootstrapContext;Lorg/hibernate/boot/spi/MetadataBuildingOptions;)Lorg/hibernate/boot/spi/MetadataImplementor;+6
j  org.hibernate.jpa.boot.internal.EntityManagerFactoryBuilderImpl.metadata()Lorg/hibernate/boot/spi/MetadataImplementor;+30
j  org.hibernate.jpa.boot.internal.EntityManagerFactoryBuilderImpl.build()Ljakarta/persistence/EntityManagerFactory;+3
j  org.springframework.orm.jpa.vendor.SpringHibernateJpaPersistenceProvider.createContainerEntityManagerFactory(Ljakarta/persistence/spi/PersistenceUnitInfo;Ljava/util/Map;)Ljakarta/persistence/EntityManagerFactory;+59
j  org.springframework.orm.jpa.LocalContainerEntityManagerFactoryBean.createNativeEntityManagerFactory()Ljakarta/persistence/EntityManagerFactory;+111
j  org.springframework.orm.jpa.AbstractEntityManagerFactoryBean.buildNativeEntityManagerFactory()Ljakarta/persistence/EntityManagerFactory;+1
j  org.springframework.orm.jpa.AbstractEntityManagerFactoryBean.afterPropertiesSet()V+192
j  org.springframework.orm.jpa.LocalContainerEntityManagerFactoryBean.afterPropertiesSet()V+84
j  org.springframework.beans.factory.support.AbstractAutowireCapableBeanFactory.invokeInitMethods(Ljava/lang/String;Ljava/lang/Object;Lorg/springframework/beans/factory/support/RootBeanDefinition;)V+56
j  org.springframework.beans.factory.support.AbstractAutowireCapableBeanFactory.initializeBean(Ljava/lang/String;Ljava/lang/Object;Lorg/springframework/beans/factory/support/RootBeanDefinition;)Ljava/lang/Object;+34
j  org.springframework.beans.factory.support.AbstractAutowireCapableBeanFactory.doCreateBean(Ljava/lang/String;Lorg/springframework/beans/factory/support/RootBeanDefinition;[Ljava/lang/Object;)Ljava/lang/Object;+228
j  org.springframework.beans.factory.support.AbstractAutowireCapableBeanFactory.createBean(Ljava/lang/String;Lorg/springframework/beans/factory/support/RootBeanDefinition;[Ljava/lang/Object;)Ljava/lang/Object;+153
j  org.springframework.beans.factory.support.AbstractBeanFactory.lambda$doGetBean$0(Ljava/lang/String;Lorg/springframework/beans/factory/support/RootBeanDefinition;[Ljava/lang/Object;)Ljava/lang/Object;+4
j  org.springframework.beans.factory.support.AbstractBeanFactory$$Lambda$343+0x00000001002dfc90.getObject()Ljava/lang/Object;+16
j  org.springframework.beans.factory.support.DefaultSingletonBeanRegistry.getSingleton(Ljava/lang/String;Lorg/springframework/beans/factory/ObjectFactory;)Ljava/lang/Object;+114
J 2500 c1 org.springframework.beans.factory.support.AbstractBeanFactory.doGetBean(Ljava/lang/String;Ljava/lang/Class;[Ljava/lang/Object;Z)Ljava/lang/Object; (714 bytes) @ 0x0000021b03ac26ec [0x0000021b03ac2140+0x00000000000005ac]
j  org.springframework.beans.factory.support.AbstractBeanFactory.getBean(Ljava/lang/String;)Ljava/lang/Object;+5
j  org.springframework.context.support.AbstractApplicationContext.getBean(Ljava/lang/String;)Ljava/lang/Object;+9
j  org.springframework.context.support.AbstractApplicationContext.finishBeanFactoryInitialization(Lorg/springframework/beans/factory/config/ConfigurableListableBeanFactory;)V+106
j  org.springframework.context.support.AbstractApplicationContext.refresh()V+86
j  org.springframework.boot.web.servlet.context.ServletWebServerApplicationContext.refresh()V+1
j  org.springframework.boot.SpringApplication.refresh(Lorg/springframework/context/ConfigurableApplicationContext;)V+1
j  org.springframework.boot.SpringApplication.refreshContext(Lorg/springframework/context/ConfigurableApplicationContext;)V+16
j  org.springframework.boot.SpringApplication.run([Ljava/lang/String;)Lorg/springframework/context/ConfigurableApplicationContext;+101
j  org.springframework.boot.SpringApplication.run([Ljava/lang/Class;[Ljava/lang/String;)Lorg/springframework/context/ConfigurableApplicationContext;+9
j  org.springframework.boot.SpringApplication.run(Ljava/lang/Class;[Ljava/lang/String;)Lorg/springframework/context/ConfigurableApplicationContext;+9
j  com.generation.blogpessoal.BlogpessoalApplication.main([Ljava/lang/String;)V+3
v  ~StubRoutines::call_stub
j  jdk.internal.reflect.NativeMethodAccessorImpl.invoke0(Ljava/lang/reflect/Method;Ljava/lang/Object;[Ljava/lang/Object;)Ljava/lang/Object;+0 java.base@17.0.6
j  jdk.internal.reflect.NativeMethodAccessorImpl.invoke(Ljava/lang/Object;[Ljava/lang/Object;)Ljava/lang/Object;+133 java.base@17.0.6
j  jdk.internal.reflect.DelegatingMethodAccessorImpl.invoke(Ljava/lang/Object;[Ljava/lang/Object;)Ljava/lang/Object;+6 java.base@17.0.6
j  java.lang.reflect.Method.invoke(Ljava/lang/Object;[Ljava/lang/Object;)Ljava/lang/Object;+59 java.base@17.0.6
j  org.springframework.boot.devtools.restart.RestartLauncher.run()V+42
v  ~StubRoutines::call_stub

siginfo: EXCEPTION_UNCAUGHT_CXX_EXCEPTION (0xe06d7363), ExceptionInformation=0x0000000019930520 0x000000c0f25fb410 0x00007fff10895138 0x00007fff10890000 


Register to memory mapping:

RIP=0x00007fff15d740ac KERNELBASE.dll
RAX=0x0000002800000027 is an unknown value
RBX=0x00007fff10895138 jimage.dll
RCX=0x0000000100000028 is pointing into metadata
RDX=0xffffffff0000000e is an unknown value
RSP=0x000000c0f25fb2b0 is pointing into the stack for thread: 0x0000021b09af8210
RBP=0x000000c0f25fb540 is pointing into the stack for thread: 0x0000021b09af8210
RSI=0x000000c0f25fb410 is pointing into the stack for thread: 0x0000021b09af8210
RDI=0x0000000019930520 is an unknown value
R8 =0x0 is NULL
R9 =0x0000021b09a3d160 points into unknown readable memory: 0x0000021b0c204270 | 70 42 20 0c 1b 02 00 00
R10=0x0 is NULL
R11=0x0000000000000001 is an unknown value
R12=0x00000000000483ac is an unknown value
R13=0x0000021b09a3d170 points into unknown readable memory: 0x2f6f696e2f6e7573 | 73 75 6e 2f 6e 69 6f 2f
R14=0x0000021b0c204280 points into unknown readable memory: 0x2f6f696e2f6e7573 | 73 75 6e 2f 6e 69 6f 2f
R15=0x0000021b0c204280 points into unknown readable memory: 0x2f6f696e2f6e7573 | 73 75 6e 2f 6e 69 6f 2f


Registers:
RAX=0x0000002800000027, RBX=0x00007fff10895138, RCX=0x0000000100000028, RDX=0xffffffff0000000e
RSP=0x000000c0f25fb2b0, RBP=0x000000c0f25fb540, RSI=0x000000c0f25fb410, RDI=0x0000000019930520
R8 =0x0000000000000000, R9 =0x0000021b09a3d160, R10=0x0000000000000000, R11=0x0000000000000001
R12=0x00000000000483ac, R13=0x0000021b09a3d170, R14=0x0000021b0c204280, R15=0x0000021b0c204280
RIP=0x00007fff15d740ac, EFLAGS=0x0000000000000202

Top of Stack: (sp=0x000000c0f25fb2b0)
0x000000c0f25fb2b0:   000000000000000a 00007fff10895138
0x000000c0f25fb2c0:   000000c0f25fb410 0000000000000299
0x000000c0f25fb2d0:   00000081e06d7363 0000000000000000
0x000000c0f25fb2e0:   00007fff15d740ac 0000000000000004
0x000000c0f25fb2f0:   0000000019930520 000000c0f25fb410
0x000000c0f25fb300:   00007fff10895138 00007fff10890000
0x000000c0f25fb310:   0000021b00000000 000000c000000002
0x000000c0f25fb320:   00000000000483ac 00000000000483c0
0x000000c0f25fb330:   0000021b0c204280 00007fff183ba8ff
0x000000c0f25fb340:   000000c0f25fb3b0 00007fff10897000
0x000000c0f25fb350:   000000c0f25fb410 0000000019930520
0x000000c0f25fb360:   00007fff10897000 00007fff10890000
0x000000c0f25fb370:   000093499747deb0 00007fff15d7df5b
0x000000c0f25fb380:   00007fff10895138 00007ffeeda86220
0x000000c0f25fb390:   0000d5dfb4ad7c75 0000000000000010
0x000000c0f25fb3a0:   0000000000000008 00007fff15c2bf85 

Instructions: (pc=0x00007fff15d740ac)
0x00007fff15d73fac:   48 21 75 48 4c 8d 45 48 41 b9 08 00 00 00 49 8b
0x00007fff15d73fbc:   cd 41 8d 51 fd 48 ff 15 20 f9 1f 00 0f 1f 44 00
0x00007fff15d73fcc:   00 8b f8 85 c0 78 86 be 01 00 00 00 e9 18 ff ff
0x00007fff15d73fdc:   ff 85 f6 74 21 41 b9 08 00 00 00 4c 8d 45 38 49
0x00007fff15d73fec:   8b cd 41 8d 51 fd 48 ff 15 ef f8 1f 00 0f 1f 44
0x00007fff15d73ffc:   00 00 48 8b 4d 38 48 ff 15 17 f3 1f 00 0f 1f 44
0x00007fff15d7400c:   00 00 e9 4f ff ff ff cc cc cc cc cc 71 e1 d3 32
0x00007fff15d7401c:   5b 07 d5 dd 65 48 8b 04 25 30 00 00 00 8b 40 68
0x00007fff15d7402c:   c3 cc cc cc cc cc cc cc cc cc cc cc 71 18 d3 7a
0x00007fff15d7403c:   1a 87 89 f9 48 81 ec d8 00 00 00 48 8b 05 02 af
0x00007fff15d7404c:   2e 00 48 33 c4 48 89 84 24 c0 00 00 00 48 83 64
0x00007fff15d7405c:   24 28 00 48 8d 05 da ff ff ff 83 e2 01 89 4c 24
0x00007fff15d7406c:   20 89 54 24 24 48 89 44 24 30 4d 85 c9 74 4f b8
0x00007fff15d7407c:   0f 00 00 00 48 8d 4c 24 40 44 3b c0 49 8b d1 41
0x00007fff15d7408c:   0f 46 c0 44 8b c0 44 89 44 24 38 49 c1 e0 03 e8
0x00007fff15d7409c:   17 99 07 00 48 8d 4c 24 20 48 ff 15 94 f3 1f 00
0x00007fff15d740ac:   0f 1f 44 00 00 48 8b 8c 24 c0 00 00 00 48 33 cc
0x00007fff15d740bc:   e8 af a9 06 00 48 81 c4 d8 00 00 00 c3 cc 83 64
0x00007fff15d740cc:   24 38 00 eb cf cc cc cc cc cc cc cc 71 c2 5b 1e
0x00007fff15d740dc:   ed 06 b0 d2 48 89 5c 24 10 55 56 57 41 54 41 55
0x00007fff15d740ec:   41 56 41 57 48 81 ec a0 03 00 00 48 8d 6c 24 50
0x00007fff15d740fc:   48 83 e5 e0 48 8b 05 49 ae 2e 00 48 33 c4 48 89
0x00007fff15d7410c:   85 40 03 00 00 44 8b ea 44 89 45 2c 33 d2 48 89
0x00007fff15d7411c:   4d 10 41 8b c1 48 8b d9 89 45 04 8b fa 48 85 c9
0x00007fff15d7412c:   0f 84 f6 74 09 00 85 c0 0f 84 c7 03 00 00 45 85
0x00007fff15d7413c:   ed 8d 5a 37 41 0f 45 dd f7 c3 c8 ff ff ff 0f 85
0x00007fff15d7414c:   1e 79 09 00 44 8b e2 8d 72 01 8b ca 44 8b f3 41
0x00007fff15d7415c:   c1 ee 02 44 23 f6 f6 c3 21 41 0f 95 c4 f6 c3 11
0x00007fff15d7416c:   44 89 65 1c 0f 95 c1 44 89 65 28 89 4d 00 89 4d
0x00007fff15d7417c:   20 89 4d 24 45 85 e4 74 37 e8 d6 de ff ff 48 8b
0x00007fff15d7418c:   78 10 e8 e9 ab ff ff 33 d2 4c 8b f8 48 85 ff 74
0x00007fff15d7419c:   0f 44 8b 5f 4c 41 0f ba e3 10 0f 82 86 74 09 00 


Stack slot to memory mapping:
stack at sp + 0 slots: 0x000000000000000a is an unknown value
stack at sp + 1 slots: 0x00007fff10895138 jimage.dll
stack at sp + 2 slots: 0x000000c0f25fb410 is pointing into the stack for thread: 0x0000021b09af8210
stack at sp + 3 slots: 0x0000000000000299 is an unknown value
stack at sp + 4 slots: 0x00000081e06d7363 is an unknown value
stack at sp + 5 slots: 0x0 is NULL
stack at sp + 6 slots: 0x00007fff15d740ac KERNELBASE.dll
stack at sp + 7 slots: 0x0000000000000004 is an unknown value


---------------  P R O C E S S  ---------------

Threads class SMR info:
_java_thread_list=0x0000021b098602f0, length=24, elements={
0x0000021b7d69a160, 0x0000021b7fe96910, 0x0000021b7fe97740, 0x0000021b7feb5ac0,
0x0000021b7feb6470, 0x0000021b7feb6e20, 0x0000021b7feb77d0, 0x0000021b7feb8230,
0x0000021b7ff2a8f0, 0x0000021b090b2000, 0x0000021b09187cd0, 0x0000021b096b2f00,
0x0000021b096c0ac0, 0x0000021b09798020, 0x0000021b09247960, 0x0000021b097ab7b0,
0x0000021b097fdbd0, 0x0000021b09a69a70, 0x0000021b09af4850, 0x0000021b09af8210,
0x0000021b09af73a0, 0x0000021b09af6060, 0x0000021b09af7870, 0x0000021b09af6530
}

Java Threads: ( => current thread )
  0x0000021b7d69a160 JavaThread "main" [_thread_blocked, id=84480, stack(0x000000c0f0600000,0x000000c0f0700000)]
  0x0000021b7fe96910 JavaThread "Reference Handler" daemon [_thread_blocked, id=41880, stack(0x000000c0f0d00000,0x000000c0f0e00000)]
  0x0000021b7fe97740 JavaThread "Finalizer" daemon [_thread_blocked, id=84964, stack(0x000000c0f0e00000,0x000000c0f0f00000)]
  0x0000021b7feb5ac0 JavaThread "Signal Dispatcher" daemon [_thread_blocked, id=74688, stack(0x000000c0f0f00000,0x000000c0f1000000)]
  0x0000021b7feb6470 JavaThread "Attach Listener" daemon [_thread_blocked, id=43332, stack(0x000000c0f1000000,0x000000c0f1100000)]
  0x0000021b7feb6e20 JavaThread "Service Thread" daemon [_thread_blocked, id=26492, stack(0x000000c0f1100000,0x000000c0f1200000)]
  0x0000021b7feb77d0 JavaThread "Monitor Deflation Thread" daemon [_thread_blocked, id=74960, stack(0x000000c0f1200000,0x000000c0f1300000)]
  0x0000021b7feb8230 JavaThread "C1 CompilerThread0" daemon [_thread_blocked, id=56120, stack(0x000000c0f1300000,0x000000c0f1400000)]
  0x0000021b7ff2a8f0 JavaThread "Sweeper thread" daemon [_thread_blocked, id=82900, stack(0x000000c0f1400000,0x000000c0f1500000)]
  0x0000021b090b2000 JavaThread "Common-Cleaner" daemon [_thread_blocked, id=74776, stack(0x000000c0f1500000,0x000000c0f1600000)]
  0x0000021b09187cd0 JavaThread "Notification Thread" daemon [_thread_blocked, id=43664, stack(0x000000c0f1600000,0x000000c0f1700000)]
  0x0000021b096b2f00 JavaThread "RMI TCP Accept-0" daemon [_thread_in_native, id=75972, stack(0x000000c0f1700000,0x000000c0f1800000)]
  0x0000021b096c0ac0 JavaThread "RMI TCP Accept-49405" daemon [_thread_in_native, id=90964, stack(0x000000c0f1800000,0x000000c0f1900000)]
  0x0000021b09798020 JavaThread "RMI TCP Accept-0" daemon [_thread_in_native, id=73468, stack(0x000000c0f1900000,0x000000c0f1a00000)]
  0x0000021b09247960 JavaThread "RMI TCP Connection(1)-127.0.0.1" daemon [_thread_in_native, id=27684, stack(0x000000c0f2000000,0x000000c0f2100000)]
  0x0000021b097ab7b0 JavaThread "RMI Scheduler(0)" daemon [_thread_blocked, id=72892, stack(0x000000c0f2100000,0x000000c0f2200000)]
  0x0000021b097fdbd0 JavaThread "RMI TCP Connection(2)-127.0.0.1" daemon [_thread_in_native, id=90404, stack(0x000000c0f2200000,0x000000c0f2300000)]
  0x0000021b09a69a70 JavaThread "JMX server connection timeout 21" daemon [_thread_blocked, id=54208, stack(0x000000c0f2300000,0x000000c0f2400000)]
  0x0000021b09af4850 JavaThread "Thread-0" [_thread_blocked, id=89692, stack(0x000000c0f2400000,0x000000c0f2500000)]
=>0x0000021b09af8210 JavaThread "restartedMain" [_thread_in_vm, id=79904, stack(0x000000c0f2500000,0x000000c0f2600000)]
  0x0000021b09af73a0 JavaThread "Catalina-utility-1" [_thread_blocked, id=58316, stack(0x000000c0f2600000,0x000000c0f2700000)]
  0x0000021b09af6060 JavaThread "Catalina-utility-2" [_thread_blocked, id=85756, stack(0x000000c0f2700000,0x000000c0f2800000)]
  0x0000021b09af7870 JavaThread "container-0" [_thread_blocked, id=89856, stack(0x000000c0f2800000,0x000000c0f2900000)]
  0x0000021b09af6530 JavaThread "mysql-cj-abandoned-connection-cleanup" daemon [_thread_blocked, id=89196, stack(0x000000c0f2900000,0x000000c0f2a00000)]

Other Threads:
  0x0000021b7fe8f940 VMThread "VM Thread" [stack: 0x000000c0f0c00000,0x000000c0f0d00000] [id=85580]
  0x0000021b096b25e0 WatcherThread [stack: 0x000000c0f1a00000,0x000000c0f1b00000] [id=89684]
  0x0000021b7d6d6610 GCTaskThread "GC Thread#0" [stack: 0x000000c0f0700000,0x000000c0f0800000] [id=82572]
  0x0000021b097afa00 GCTaskThread "GC Thread#1" [stack: 0x000000c0f1b00000,0x000000c0f1c00000] [id=87336]
  0x0000021b097ad190 GCTaskThread "GC Thread#2" [stack: 0x000000c0f1c00000,0x000000c0f1d00000] [id=86124]
  0x0000021b097ad440 GCTaskThread "GC Thread#3" [stack: 0x000000c0f1d00000,0x000000c0f1e00000] [id=42820]
  0x0000021b7d6df950 ConcurrentGCThread "G1 Main Marker" [stack: 0x000000c0f0800000,0x000000c0f0900000] [id=89716]
  0x0000021b7d6e0360 ConcurrentGCThread "G1 Conc#0" [stack: 0x000000c0f0900000,0x000000c0f0a00000] [id=53172]
  0x0000021b7d720db0 ConcurrentGCThread "G1 Refine#0" [stack: 0x000000c0f0a00000,0x000000c0f0b00000] [id=40436]
  0x0000021b097afcb0 ConcurrentGCThread "G1 Refine#1" [stack: 0x000000c0f1e00000,0x000000c0f1f00000] [id=87720]
  0x0000021b097aff90 ConcurrentGCThread "G1 Refine#2" [stack: 0x000000c0f1f00000,0x000000c0f2000000] [id=86036]
  0x0000021b7d722680 ConcurrentGCThread "G1 Service" [stack: 0x000000c0f0b00000,0x000000c0f0c00000] [id=89052]

Threads with active compile tasks:

VM state: not at safepoint (normal execution)

VM Mutex/Monitor currently owned by a thread: None

Heap address: 0x00000000c2800000, size: 984 MB, Compressed Oops mode: 32-bit

CDS archive(s) not mapped
Compressed class space mapped at: 0x0000000100000000-0x0000000140000000, reserved size: 1073741824
Narrow klass base: 0x0000000000000000, Narrow klass shift: 3, Narrow klass range: 0x140000000

GC Precious Log:
 CPUs: 4 total, 4 available
 Memory: 3930M
 Large Page Support: Disabled
 NUMA Support: Disabled
 Compressed Oops: Enabled (32-bit)
 Heap Region Size: 1M
 Heap Min Capacity: 8M
 Heap Initial Capacity: 62M
 Heap Max Capacity: 984M
 Pre-touch: Disabled
 Parallel Workers: 4
 Concurrent Workers: 1
 Concurrent Refinement Workers: 4
 Periodic GC: Disabled

Heap:
 garbage-first heap   total 37888K, used 25553K [0x00000000c2800000, 0x0000000100000000)
  region size 1024K, 9 young (9216K), 2 survivors (2048K)
 Metaspace       used 46472K, committed 46912K, reserved 1089536K
  class space    used 6069K, committed 6272K, reserved 1048576K

Heap Regions: E=young(eden), S=young(survivor), O=old, HS=humongous(starts), HC=humongous(continues), CS=collection set, F=free, OA=open archive, CA=closed archive, TAMS=top-at-mark-start (previous, next)
|   0|0x00000000c2800000, 0x00000000c2900000, 0x00000000c2900000|100%|HS|  |TAMS 0x00000000c2900000, 0x00000000c2800000| Complete 
|   1|0x00000000c2900000, 0x00000000c2a00000, 0x00000000c2a00000|100%| O|  |TAMS 0x00000000c2a00000, 0x00000000c2900000| Untracked 
|   2|0x00000000c2a00000, 0x00000000c2b00000, 0x00000000c2b00000|100%| O|  |TAMS 0x00000000c2b00000, 0x00000000c2a00000| Untracked 
|   3|0x00000000c2b00000, 0x00000000c2c00000, 0x00000000c2c00000|100%| O|  |TAMS 0x00000000c2c00000, 0x00000000c2b00000| Untracked 
|   4|0x00000000c2c00000, 0x00000000c2d00000, 0x00000000c2d00000|100%| O|  |TAMS 0x00000000c2d00000, 0x00000000c2c00000| Untracked 
|   5|0x00000000c2d00000, 0x00000000c2e00000, 0x00000000c2e00000|100%| O|  |TAMS 0x00000000c2e00000, 0x00000000c2d00000| Untracked 
|   6|0x00000000c2e00000, 0x00000000c2f00000, 0x00000000c2f00000|100%| O|  |TAMS 0x00000000c2f00000, 0x00000000c2e00000| Untracked 
|   7|0x00000000c2f00000, 0x00000000c3000000, 0x00000000c3000000|100%| O|  |TAMS 0x00000000c3000000, 0x00000000c2f00000| Untracked 
|   8|0x00000000c3000000, 0x00000000c3100000, 0x00000000c3100000|100%| O|  |TAMS 0x00000000c3100000, 0x00000000c3000000| Untracked 
|   9|0x00000000c3100000, 0x00000000c3200000, 0x00000000c3200000|100%| O|  |TAMS 0x00000000c3200000, 0x00000000c3100000| Untracked 
|  10|0x00000000c3200000, 0x00000000c3300000, 0x00000000c3300000|100%| O|  |TAMS 0x00000000c3300000, 0x00000000c3200000| Untracked 
|  11|0x00000000c3300000, 0x00000000c3400000, 0x00000000c3400000|100%| O|  |TAMS 0x00000000c3400000, 0x00000000c3300000| Untracked 
|  12|0x00000000c3400000, 0x00000000c3500000, 0x00000000c3500000|100%| O|  |TAMS 0x00000000c3500000, 0x00000000c3400000| Untracked 
|  13|0x00000000c3500000, 0x00000000c3600000, 0x00000000c3600000|100%| O|  |TAMS 0x00000000c3600000, 0x00000000c3500000| Untracked 
|  14|0x00000000c3600000, 0x00000000c3700000, 0x00000000c3700000|100%| O|  |TAMS 0x00000000c3700000, 0x00000000c3600000| Untracked 
|  15|0x00000000c3700000, 0x00000000c3800000, 0x00000000c3800000|100%| O|  |TAMS 0x00000000c3800000, 0x00000000c3700000| Untracked 
|  16|0x00000000c3800000, 0x00000000c3900000, 0x00000000c3900000|100%| O|  |TAMS 0x00000000c3898800, 0x00000000c3800000| Untracked 
|  17|0x00000000c3900000, 0x00000000c3989800, 0x00000000c3a00000| 53%| O|  |TAMS 0x00000000c3900000, 0x00000000c3900000| Untracked 
|  18|0x00000000c3a00000, 0x00000000c3a00000, 0x00000000c3b00000|  0%| F|  |TAMS 0x00000000c3a00000, 0x00000000c3a00000| Untracked 
|  19|0x00000000c3b00000, 0x00000000c3b00000, 0x00000000c3c00000|  0%| F|  |TAMS 0x00000000c3b00000, 0x00000000c3b00000| Untracked 
|  20|0x00000000c3c00000, 0x00000000c3c00000, 0x00000000c3d00000|  0%| F|  |TAMS 0x00000000c3c00000, 0x00000000c3c00000| Untracked 
|  21|0x00000000c3d00000, 0x00000000c3d00000, 0x00000000c3e00000|  0%| F|  |TAMS 0x00000000c3d00000, 0x00000000c3d00000| Untracked 
|  22|0x00000000c3e00000, 0x00000000c3e6ac20, 0x00000000c3f00000| 41%| S|CS|TAMS 0x00000000c3e00000, 0x00000000c3e00000| Complete 
|  23|0x00000000c3f00000, 0x00000000c3f00000, 0x00000000c4000000|  0%| F|  |TAMS 0x00000000c3f00000, 0x00000000c3f00000| Untracked 
|  24|0x00000000c4000000, 0x00000000c4100000, 0x00000000c4100000|100%| S|CS|TAMS 0x00000000c4000000, 0x00000000c4000000| Complete 
|  25|0x00000000c4100000, 0x00000000c4100000, 0x00000000c4200000|  0%| F|  |TAMS 0x00000000c4100000, 0x00000000c4100000| Untracked 
|  26|0x00000000c4200000, 0x00000000c4200000, 0x00000000c4300000|  0%| F|  |TAMS 0x00000000c4200000, 0x00000000c4200000| Untracked 
|  27|0x00000000c4300000, 0x00000000c4300000, 0x00000000c4400000|  0%| F|  |TAMS 0x00000000c4300000, 0x00000000c4300000| Untracked 
|  28|0x00000000c4400000, 0x00000000c4400000, 0x00000000c4500000|  0%| F|  |TAMS 0x00000000c4400000, 0x00000000c4400000| Untracked 
|  29|0x00000000c4500000, 0x00000000c4500000, 0x00000000c4600000|  0%| F|  |TAMS 0x00000000c4500000, 0x00000000c4500000| Untracked 
|  30|0x00000000c4600000, 0x00000000c460a598, 0x00000000c4700000|  4%| E|  |TAMS 0x00000000c4600000, 0x00000000c4600000| Complete 
|  31|0x00000000c4700000, 0x00000000c4800000, 0x00000000c4800000|100%| E|CS|TAMS 0x00000000c4700000, 0x00000000c4700000| Complete 
|  32|0x00000000c4800000, 0x00000000c4900000, 0x00000000c4900000|100%| E|CS|TAMS 0x00000000c4800000, 0x00000000c4800000| Complete 
|  54|0x00000000c5e00000, 0x00000000c5f00000, 0x00000000c5f00000|100%| E|CS|TAMS 0x00000000c5e00000, 0x00000000c5e00000| Complete 
|  55|0x00000000c5f00000, 0x00000000c6000000, 0x00000000c6000000|100%| E|CS|TAMS 0x00000000c5f00000, 0x00000000c5f00000| Complete 
|  56|0x00000000c6000000, 0x00000000c6100000, 0x00000000c6100000|100%| E|CS|TAMS 0x00000000c6000000, 0x00000000c6000000| Complete 
|  61|0x00000000c6500000, 0x00000000c6600000, 0x00000000c6600000|100%| E|CS|TAMS 0x00000000c6500000, 0x00000000c6500000| Complete 

Card table byte_map: [0x0000021b7d760000,0x0000021b7d950000] _byte_map_base: 0x0000021b7d14c000

Marking Bits (Prev, Next): (CMBitMap*) 0x0000021b7d6d6c60, (CMBitMap*) 0x0000021b7d6d6c20
 Prev Bits: [0x0000021b7eaa0000, 0x0000021b7fa00000)
 Next Bits: [0x0000021b7db40000, 0x0000021b7eaa0000)

Polling page: 0x0000021b7ce60000

Metaspace:

Usage:
  Non-class:     39.46 MB used.
      Class:      5.93 MB used.
       Both:     45.38 MB used.

Virtual space:
  Non-class space:       40.00 MB reserved,      39.69 MB (>99%) committed,  5 nodes.
      Class space:        1.00 GB reserved,       6.12 MB ( <1%) committed,  1 nodes.
             Both:        1.04 GB reserved,      45.81 MB (  4%) committed. 

Chunk freelists:
   Non-Class:  200.00 KB
       Class:  1.83 MB
        Both:  2.02 MB

MaxMetaspaceSize: unlimited
CompressedClassSpaceSize: 1.00 GB
Initial GC threshold: 21.00 MB
Current GC threshold: 69.06 MB
CDS: off
MetaspaceReclaimPolicy: balanced
 - commit_granule_bytes: 65536.
 - commit_granule_words: 8192.
 - virtual_space_node_default_size: 1048576.
 - enlarge_chunks_in_place: 1.
 - new_chunks_are_fully_committed: 0.
 - uncommit_free_chunks: 1.
 - use_allocation_guard: 0.
 - handle_deallocations: 1.


Internal statistics:

num_allocs_failed_limit: 8.
num_arena_births: 594.
num_arena_deaths: 0.
num_vsnodes_births: 6.
num_vsnodes_deaths: 0.
num_space_committed: 733.
num_space_uncommitted: 0.
num_chunks_returned_to_freelist: 8.
num_chunks_taken_from_freelist: 1939.
num_chunk_merges: 8.
num_chunk_splits: 1368.
num_chunks_enlarged: 1014.
num_purges: 0.
num_inconsistent_stats: 0.

CodeCache: size=49152Kb used=6915Kb max_used=6915Kb free=42236Kb
 bounds [0x0000021b035f0000, 0x0000021b03cc0000, 0x0000021b065f0000]
 total_blobs=4252 nmethods=3707 adapters=472
 compilation: enabled
              stopped_count=0, restarted_count=0
 full_count=0

Compilation events (20 events):
Event: 9.308 Thread 0x0000021b7feb8230 3693       1       com.mysql.cj.conf.AbstractRuntimeProperty::getPropertyDefinition (5 bytes)
Event: 9.308 Thread 0x0000021b7feb8230 nmethod 3693 0x0000021b03cabb90 code [0x0000021b03cabd20, 0x0000021b03cabdf8]
Event: 9.309 Thread 0x0000021b7feb8230 3694       1       com.mysql.cj.conf.AbstractPropertyDefinition::getName (5 bytes)
Event: 9.309 Thread 0x0000021b7feb8230 nmethod 3694 0x0000021b03cabe90 code [0x0000021b03cac020, 0x0000021b03cac0f8]
Event: 9.309 Thread 0x0000021b7feb8230 3695       1       com.mysql.cj.conf.AbstractPropertyDefinition::getCcAlias (5 bytes)
Event: 9.309 Thread 0x0000021b7feb8230 nmethod 3695 0x0000021b03cac190 code [0x0000021b03cac320, 0x0000021b03cac3f8]
Event: 9.309 Thread 0x0000021b7feb8230 3696  s    1       java.lang.StringBuffer::append (15 bytes)
Event: 9.310 Thread 0x0000021b7feb8230 nmethod 3696 0x0000021b03cac490 code [0x0000021b03cac620, 0x0000021b03cac7e8]
Event: 9.338 Thread 0x0000021b7feb8230 3697   !   1       com.mysql.cj.conf.DefaultPropertySet::getProperty (52 bytes)
Event: 9.339 Thread 0x0000021b7feb8230 nmethod 3697 0x0000021b03cace90 code [0x0000021b03cad060, 0x0000021b03cad2c8]
Event: 9.368 Thread 0x0000021b7feb8230 3698       1       jdk.internal.misc.Unsafe::toUnsignedLong (7 bytes)
Event: 9.368 Thread 0x0000021b7feb8230 nmethod 3698 0x0000021b03cada90 code [0x0000021b03cadc20, 0x0000021b03cadcd8]
Event: 9.368 Thread 0x0000021b7feb8230 3699       1       java.util.zip.Inflater::inflate (9 bytes)
Event: 9.369 Thread 0x0000021b7feb8230 nmethod 3699 0x0000021b03cadd90 code [0x0000021b03cadf20, 0x0000021b03cae008]
Event: 9.417 Thread 0x0000021b7feb8230 3700       1       java.lang.invoke.SimpleMethodHandle::speciesData (4 bytes)
Event: 9.417 Thread 0x0000021b7feb8230 nmethod 3700 0x0000021b03caed10 code [0x0000021b03caeea0, 0x0000021b03caef78]
Event: 9.438 Thread 0x0000021b7feb8230 3701       1       java.util.TreeMap::rotateLeft (96 bytes)
Event: 9.438 Thread 0x0000021b7feb8230 nmethod 3701 0x0000021b03caf010 code [0x0000021b03caf1c0, 0x0000021b03caf5b8]
Event: 9.438 Thread 0x0000021b7feb8230 3702       1       sun.nio.cs.ext.AbstractCharsetProvider::put (20 bytes)
Event: 9.438 Thread 0x0000021b7feb8230 nmethod 3702 0x0000021b03caf710 code [0x0000021b03caf8c0, 0x0000021b03caf9d8]

GC Heap History (20 events):
Event: 4.008 GC heap before
{Heap before GC invocations=6 (full 0):
 garbage-first heap   total 37888K, used 10658K [0x00000000c2800000, 0x0000000100000000)
  region size 1024K, 5 young (5120K), 4 survivors (4096K)
 Metaspace       used 25947K, committed 26176K, reserved 1073152K
  class space    used 3181K, committed 3264K, reserved 1048576K
}
Event: 4.014 GC heap after
{Heap after GC invocations=7 (full 0):
 garbage-first heap   total 37888K, used 10747K [0x00000000c2800000, 0x0000000100000000)
  region size 1024K, 1 young (1024K), 1 survivors (1024K)
 Metaspace       used 25947K, committed 26176K, reserved 1073152K
  class space    used 3181K, committed 3264K, reserved 1048576K
}
Event: 4.553 GC heap before
{Heap before GC invocations=7 (full 0):
 garbage-first heap   total 37888K, used 24059K [0x00000000c2800000, 0x0000000100000000)
  region size 1024K, 15 young (15360K), 1 survivors (1024K)
 Metaspace       used 28667K, committed 28992K, reserved 1081344K
  class space    used 3487K, committed 3648K, reserved 1048576K
}
Event: 4.556 GC heap after
{Heap after GC invocations=8 (full 0):
 garbage-first heap   total 37888K, used 11587K [0x00000000c2800000, 0x0000000100000000)
  region size 1024K, 2 young (2048K), 2 survivors (2048K)
 Metaspace       used 28667K, committed 28992K, reserved 1081344K
  class space    used 3487K, committed 3648K, reserved 1048576K
}
Event: 5.136 GC heap before
{Heap before GC invocations=8 (full 0):
 garbage-first heap   total 37888K, used 24899K [0x00000000c2800000, 0x0000000100000000)
  region size 1024K, 16 young (16384K), 2 survivors (2048K)
 Metaspace       used 30137K, committed 30464K, reserved 1081344K
  class space    used 3727K, committed 3904K, reserved 1048576K
}
Event: 5.139 GC heap after
{Heap after GC invocations=9 (full 0):
 garbage-first heap   total 37888K, used 12492K [0x00000000c2800000, 0x0000000100000000)
  region size 1024K, 1 young (1024K), 1 survivors (1024K)
 Metaspace       used 30137K, committed 30464K, reserved 1081344K
  class space    used 3727K, committed 3904K, reserved 1048576K
}
Event: 6.135 GC heap before
{Heap before GC invocations=9 (full 0):
 garbage-first heap   total 37888K, used 26828K [0x00000000c2800000, 0x0000000100000000)
  region size 1024K, 15 young (15360K), 1 survivors (1024K)
 Metaspace       used 32111K, committed 32448K, reserved 1081344K
  class space    used 4014K, committed 4160K, reserved 1048576K
}
Event: 6.140 GC heap after
{Heap after GC invocations=10 (full 0):
 garbage-first heap   total 37888K, used 13475K [0x00000000c2800000, 0x0000000100000000)
  region size 1024K, 2 young (2048K), 2 survivors (2048K)
 Metaspace       used 32111K, committed 32448K, reserved 1081344K
  class space    used 4014K, committed 4160K, reserved 1048576K
}
Event: 7.020 GC heap before
{Heap before GC invocations=10 (full 0):
 garbage-first heap   total 37888K, used 27811K [0x00000000c2800000, 0x0000000100000000)
  region size 1024K, 16 young (16384K), 2 survivors (2048K)
 Metaspace       used 34198K, committed 34496K, reserved 1081344K
  class space    used 4351K, committed 4480K, reserved 1048576K
}
Event: 7.025 GC heap after
{Heap after GC invocations=11 (full 0):
 garbage-first heap   total 37888K, used 14649K [0x00000000c2800000, 0x0000000100000000)
  region size 1024K, 2 young (2048K), 2 survivors (2048K)
 Metaspace       used 34198K, committed 34496K, reserved 1081344K
  class space    used 4351K, committed 4480K, reserved 1048576K
}
Event: 7.372 GC heap before
{Heap before GC invocations=11 (full 0):
 garbage-first heap   total 37888K, used 21817K [0x00000000c2800000, 0x0000000100000000)
  region size 1024K, 10 young (10240K), 2 survivors (2048K)
 Metaspace       used 35518K, committed 35968K, reserved 1081344K
  class space    used 4554K, committed 4736K, reserved 1048576K
}
Event: 7.378 GC heap after
{Heap after GC invocations=12 (full 0):
 garbage-first heap   total 37888K, used 15654K [0x00000000c2800000, 0x0000000100000000)
  region size 1024K, 1 young (1024K), 1 survivors (1024K)
 Metaspace       used 35518K, committed 35968K, reserved 1081344K
  class space    used 4554K, committed 4736K, reserved 1048576K
}
Event: 7.862 GC heap before
{Heap before GC invocations=13 (full 0):
 garbage-first heap   total 37888K, used 27942K [0x00000000c2800000, 0x0000000100000000)
  region size 1024K, 13 young (13312K), 1 survivors (1024K)
 Metaspace       used 37312K, committed 37696K, reserved 1089536K
  class space    used 4809K, committed 4992K, reserved 1048576K
}
Event: 7.866 GC heap after
{Heap after GC invocations=14 (full 0):
 garbage-first heap   total 37888K, used 16999K [0x00000000c2800000, 0x0000000100000000)
  region size 1024K, 2 young (2048K), 2 survivors (2048K)
 Metaspace       used 37312K, committed 37696K, reserved 1089536K
  class space    used 4809K, committed 4992K, reserved 1048576K
}
Event: 8.293 GC heap before
{Heap before GC invocations=14 (full 0):
 garbage-first heap   total 37888K, used 29287K [0x00000000c2800000, 0x0000000100000000)
  region size 1024K, 14 young (14336K), 2 survivors (2048K)
 Metaspace       used 38886K, committed 39424K, reserved 1089536K
  class space    used 5015K, committed 5248K, reserved 1048576K
}
Event: 8.300 GC heap after
{Heap after GC invocations=15 (full 0):
 garbage-first heap   total 37888K, used 18018K [0x00000000c2800000, 0x0000000100000000)
  region size 1024K, 1 young (1024K), 1 survivors (1024K)
 Metaspace       used 38886K, committed 39424K, reserved 1089536K
  class space    used 5015K, committed 5248K, reserved 1048576K
}
Event: 8.772 GC heap before
{Heap before GC invocations=15 (full 0):
 garbage-first heap   total 37888K, used 29282K [0x00000000c2800000, 0x0000000100000000)
  region size 1024K, 12 young (12288K), 1 survivors (1024K)
 Metaspace       used 41734K, committed 42240K, reserved 1089536K
  class space    used 5434K, committed 5696K, reserved 1048576K
}
Event: 8.776 GC heap after
{Heap after GC invocations=16 (full 0):
 garbage-first heap   total 37888K, used 18651K [0x00000000c2800000, 0x0000000100000000)
  region size 1024K, 2 young (2048K), 2 survivors (2048K)
 Metaspace       used 41734K, committed 42240K, reserved 1089536K
  class space    used 5434K, committed 5696K, reserved 1048576K
}
Event: 9.202 GC heap before
{Heap before GC invocations=17 (full 0):
 garbage-first heap   total 37888K, used 28891K [0x00000000c2800000, 0x0000000100000000)
  region size 1024K, 13 young (13312K), 2 survivors (2048K)
 Metaspace       used 44606K, committed 45056K, reserved 1089536K
  class space    used 5876K, committed 6080K, reserved 1048576K
}
Event: 9.206 GC heap after
{Heap after GC invocations=18 (full 0):
 garbage-first heap   total 37888K, used 19409K [0x00000000c2800000, 0x0000000100000000)
  region size 1024K, 2 young (2048K), 2 survivors (2048K)
 Metaspace       used 44606K, committed 45056K, reserved 1089536K
  class space    used 5876K, committed 6080K, reserved 1048576K
}

Dll operation events (9 events):
Event: 0.091 Loaded shared library C:\Users\LAISF\eclipse-workspace\sts-4.17.2.RELEASE\plugins\org.eclipse.justj.openjdk.hotspot.jre.full.win32.x86_64_17.0.6.v20230125-1136\jre\bin\java.dll
Event: 0.506 Loaded shared library C:\Users\LAISF\eclipse-workspace\sts-4.17.2.RELEASE\plugins\org.eclipse.justj.openjdk.hotspot.jre.full.win32.x86_64_17.0.6.v20230125-1136\jre\bin\jimage.dll
Event: 0.548 Loaded shared library C:\Users\LAISF\eclipse-workspace\sts-4.17.2.RELEASE\plugins\org.eclipse.justj.openjdk.hotspot.jre.full.win32.x86_64_17.0.6.v20230125-1136\jre\bin\net.dll
Event: 0.557 Loaded shared library C:\Users\LAISF\eclipse-workspace\sts-4.17.2.RELEASE\plugins\org.eclipse.justj.openjdk.hotspot.jre.full.win32.x86_64_17.0.6.v20230125-1136\jre\bin\nio.dll
Event: 0.562 Loaded shared library C:\Users\LAISF\eclipse-workspace\sts-4.17.2.RELEASE\plugins\org.eclipse.justj.openjdk.hotspot.jre.full.win32.x86_64_17.0.6.v20230125-1136\jre\bin\zip.dll
Event: 0.678 Loaded shared library C:\Users\LAISF\eclipse-workspace\sts-4.17.2.RELEASE\plugins\org.eclipse.justj.openjdk.hotspot.jre.full.win32.x86_64_17.0.6.v20230125-1136\jre\bin\management.dll
Event: 0.722 Loaded shared library C:\Users\LAISF\eclipse-workspace\sts-4.17.2.RELEASE\plugins\org.eclipse.justj.openjdk.hotspot.jre.full.win32.x86_64_17.0.6.v20230125-1136\jre\bin\management_ext.dll
Event: 3.137 Loaded shared library C:\Users\LAISF\eclipse-workspace\sts-4.17.2.RELEASE\plugins\org.eclipse.justj.openjdk.hotspot.jre.full.win32.x86_64_17.0.6.v20230125-1136\jre\bin\verify.dll
Event: 7.808 Loaded shared library C:\Users\LAISF\eclipse-workspace\sts-4.17.2.RELEASE\plugins\org.eclipse.justj.openjdk.hotspot.jre.full.win32.x86_64_17.0.6.v20230125-1136\jre\bin\sunmscapi.dll

Deoptimization events (4 events):
Event: 3.362 Thread 0x0000021b09af8210 DEOPT PACKING pc=0x0000021b039bd099 sp=0x000000c0f25fc8f0
Event: 3.362 Thread 0x0000021b09af8210 DEOPT UNPACKING pc=0x0000021b03647143 sp=0x000000c0f25fbdd0 mode 3
Event: 8.157 Thread 0x0000021b09af8210 DEOPT PACKING pc=0x0000021b03c398fd sp=0x000000c0f25fba60
Event: 8.157 Thread 0x0000021b09af8210 DEOPT UNPACKING pc=0x0000021b03647143 sp=0x000000c0f25fafc8 mode 3

Classes unloaded (0 events):
No events

Classes redefined (0 events):
No events

Internal exceptions (20 events):
Event: 6.960 Thread 0x0000021b09af8210 Exception <a 'java/lang/NoSuchMethodError'{0x00000000c4093258}: 'void java.lang.invoke.DirectMethodHandle$Holder.invokeSpecial(java.lang.Object, java.lang.Object, java.lang.Object, java.lang.Object, java.lang.Object, java.lang.Object)'> (0x00000000c4093258) 
thrown [s\src\hotspot\share\interpreter\linkResolver.cpp, line 759]
Event: 7.007 Thread 0x0000021b097fdbd0 Exception <a 'java/lang/reflect/InvocationTargetException'{0x00000000c3ffab80}> (0x00000000c3ffab80) 
thrown [s\src\hotspot\share\runtime\reflection.cpp, line 1121]
Event: 7.132 Thread 0x0000021b09af8210 Exception <a 'java/lang/NoSuchMethodError'{0x00000000c5f24178}: 'java.lang.Object java.lang.invoke.DirectMethodHandle$Holder.invokeSpecialIFC(java.lang.Object, java.lang.Object, java.lang.Object)'> (0x00000000c5f24178) 
thrown [s\src\hotspot\share\interpreter\linkResolver.cpp, line 759]
Event: 7.372 Thread 0x0000021b09af8210 Exception <a 'java/lang/NoSuchMethodError'{0x00000000c4501c18}: 'void java.lang.invoke.DirectMethodHandle$Holder.invokeInterface(java.lang.Object, java.lang.Object, int)'> (0x00000000c4501c18) 
thrown [s\src\hotspot\share\interpreter\linkResolver.cpp, line 759]
Event: 7.381 Thread 0x0000021b09af8210 Exception <a 'java/lang/IncompatibleClassChangeError'{0x00000000c6543130}: Found class java.lang.Object, but interface was expected> (0x00000000c6543130) 
thrown [s\src\hotspot\share\interpreter\linkResolver.cpp, line 826]
Event: 7.382 Thread 0x0000021b09af8210 Exception <a 'java/lang/NoSuchMethodError'{0x00000000c6548218}: 'void java.lang.invoke.DirectMethodHandle$Holder.invokeStatic(java.lang.Object, int, java.lang.Object)'> (0x00000000c6548218) 
thrown [s\src\hotspot\share\interpreter\linkResolver.cpp, line 759]
Event: 7.510 Thread 0x0000021b097fdbd0 Exception <a 'java/lang/reflect/InvocationTargetException'{0x00000000c5f66a48}> (0x00000000c5f66a48) 
thrown [s\src\hotspot\share\runtime\reflection.cpp, line 1121]
Event: 7.870 Thread 0x0000021b09af8210 Exception <a 'sun/nio/fs/WindowsException'{0x00000000c65a7cb8}> (0x00000000c65a7cb8) 
thrown [s\src\hotspot\share\prims\jni.cpp, line 516]
Event: 7.871 Thread 0x0000021b09af8210 Exception <a 'sun/nio/fs/WindowsException'{0x00000000c65ad6b0}> (0x00000000c65ad6b0) 
thrown [s\src\hotspot\share\prims\jni.cpp, line 516]
Event: 7.872 Thread 0x0000021b09af8210 Exception <a 'sun/nio/fs/WindowsException'{0x00000000c65add88}> (0x00000000c65add88) 
thrown [s\src\hotspot\share\prims\jni.cpp, line 516]
Event: 7.923 Thread 0x0000021b09af8210 Exception <a 'java/lang/NoSuchMethodError'{0x00000000c60bd8f8}: 'java.lang.Object java.lang.invoke.DirectMethodHandle$Holder.invokeSpecial(java.lang.Object, java.lang.Object, long, java.lang.Object, java.lang.Object, java.lang.Object, java.lang.Object, java.lang.Object, java.lang.Object)'> (0x00000000c60bd8f8) 
thrown [s\src\hotspot\share\interpreter\linkResolver.cpp, line 759]
Event: 7.923 Thread 0x0000021b09af8210 Exception <a 'java/lang/NoSuchMethodError'{0x00000000c60c2420}: 'java.lang.Object java.lang.invoke.DelegatingMethodHandle$Holder.reinvoke_L(java.lang.Object, long, java.lang.Object, java.lang.Object, java.lang.Object, java.lang.Object, java.lang.Object, java.lang.Object)'> (0x00000000c60c2420) 
thrown [s\src\hotspot\share\interpreter\linkResolver.cpp, line 759]
Event: 7.924 Thread 0x0000021b09af8210 Exception <a 'java/lang/NoSuchMethodError'{0x00000000c60cf0c8}: 'java.lang.Object java.lang.invoke.Invokers$Holder.linkToTargetMethod(java.lang.Object, java.lang.Object, java.lang.Object, java.lang.Object, java.lang.Object, java.lang.Object, java.lang.Object)'> (0x00000000c60cf0c8) 
thrown [s\src\hotspot\share\interpreter\linkResolver.cpp, line 759]
Event: 8.022 Thread 0x0000021b097fdbd0 Exception <a 'java/lang/reflect/InvocationTargetException'{0x00000000c5edad68}> (0x00000000c5edad68) 
thrown [s\src\hotspot\share\runtime\reflection.cpp, line 1121]
Event: 8.030 Thread 0x0000021b09af8210 Exception <a 'java/io/FileNotFoundException'{0x00000000c5ef4ae0}> (0x00000000c5ef4ae0) 
thrown [s\src\hotspot\share\prims\jni.cpp, line 516]
Event: 8.078 Thread 0x0000021b09af8210 Exception <a 'java/lang/NoSuchMethodError'{0x00000000c48f6b10}: 'int java.lang.invoke.DirectMethodHandle$Holder.invokeInterface(java.lang.Object, java.lang.Object, java.lang.Object, java.lang.Object)'> (0x00000000c48f6b10) 
thrown [s\src\hotspot\share\interpreter\linkResolver.cpp, line 759]
Event: 8.179 Thread 0x0000021b09af8210 Exception <a 'java/lang/NoSuchMethodError'{0x00000000c45074a0}: 'long java.lang.invoke.DirectMethodHandle$Holder.invokeVirtual(java.lang.Object, java.lang.Object)'> (0x00000000c45074a0) 
thrown [s\src\hotspot\share\interpreter\linkResolver.cpp, line 759]
Event: 8.188 Thread 0x0000021b09af8210 Exception <a 'java/io/FileNotFoundException'{0x00000000c4539df8}> (0x00000000c4539df8) 
thrown [s\src\hotspot\share\prims\jni.cpp, line 516]
Event: 8.526 Thread 0x0000021b097fdbd0 Exception <a 'java/lang/reflect/InvocationTargetException'{0x00000000c479e228}> (0x00000000c479e228) 
thrown [s\src\hotspot\share\runtime\reflection.cpp, line 1121]
Event: 9.029 Thread 0x0000021b097fdbd0 Exception <a 'java/lang/reflect/InvocationTargetException'{0x00000000c4501bd0}> (0x00000000c4501bd0) 
thrown [s\src\hotspot\share\runtime\reflection.cpp, line 1121]

VM Operations (20 events):
Event: 8.106 Executing VM operation: HandshakeAllThreads
Event: 8.106 Executing VM operation: HandshakeAllThreads done
Event: 8.106 Executing VM operation: HandshakeAllThreads
Event: 8.106 Executing VM operation: HandshakeAllThreads done
Event: 8.191 Executing VM operation: HandshakeAllThreads
Event: 8.191 Executing VM operation: HandshakeAllThreads done
Event: 8.251 Executing VM operation: HandshakeAllThreads
Event: 8.251 Executing VM operation: HandshakeAllThreads done
Event: 8.286 Executing VM operation: HandshakeAllThreads
Event: 8.286 Executing VM operation: HandshakeAllThreads done
Event: 8.293 Executing VM operation: G1CollectForAllocation
Event: 8.300 Executing VM operation: G1CollectForAllocation done
Event: 8.772 Executing VM operation: G1CollectForAllocation
Event: 8.776 Executing VM operation: G1CollectForAllocation done
Event: 8.815 Executing VM operation: G1Concurrent
Event: 8.817 Executing VM operation: G1Concurrent done
Event: 8.830 Executing VM operation: G1Concurrent
Event: 8.831 Executing VM operation: G1Concurrent done
Event: 9.202 Executing VM operation: G1CollectForAllocation
Event: 9.206 Executing VM operation: G1CollectForAllocation done

Events (20 events):
Event: 9.357 loading class sun/net/spi/DefaultProxySelector$3 done
Event: 9.436 loading class java/nio/charset/Charset$ExtendedProviderHolder
Event: 9.436 loading class java/nio/charset/Charset$ExtendedProviderHolder done
Event: 9.436 loading class java/nio/charset/Charset$ExtendedProviderHolder$1
Event: 9.436 loading class java/nio/charset/Charset$ExtendedProviderHolder$1 done
Event: 9.440 loading class sun/nio/cs/DoubleByte$Decoder
Event: 9.440 loading class sun/nio/cs/DelegatableDecoder
Event: 9.440 loading class sun/nio/cs/DelegatableDecoder done
Event: 9.440 loading class sun/nio/cs/DoubleByte$Decoder done
Event: 9.440 loading class sun/nio/cs/DoubleByte$Encoder
Event: 9.440 loading class sun/nio/cs/ArrayEncoder
Event: 9.441 loading class sun/nio/cs/ArrayEncoder done
Event: 9.441 loading class sun/nio/cs/DoubleByte$Encoder done
Event: 9.441 loading class sun/nio/cs/GBK
Event: 9.442 loading class sun/nio/cs/GBK done
Event: 9.442 loading class sun/nio/cs/SJIS
Event: 9.442 loading class sun/nio/cs/SJIS done
Event: 9.444 loading class sun/nio/cs/MS932
Event: 9.444 loading class sun/nio/cs/MS932 done
Event: 9.458 loading class sun/nio/cs/GB18030


Dynamic libraries:
0x00007ff6d13a0000 - 0x00007ff6d13ae000 	C:\Users\LAISF\eclipse-workspace\sts-4.17.2.RELEASE\plugins\org.eclipse.justj.openjdk.hotspot.jre.full.win32.x86_64_17.0.6.v20230125-1136\jre\bin\javaw.exe
0x00007fff18340000 - 0x00007fff18549000 	C:\Windows\SYSTEM32\ntdll.dll
0x00007fff178f0000 - 0x00007fff179ae000 	C:\Windows\System32\KERNEL32.DLL
0x00007fff15d30000 - 0x00007fff160ac000 	C:\Windows\System32\KERNELBASE.dll
0x00007fff15c10000 - 0x00007fff15d21000 	C:\Windows\System32\ucrtbase.dll
0x00007ffeed180000 - 0x00007ffeed197000 	C:\Users\LAISF\eclipse-workspace\sts-4.17.2.RELEASE\plugins\org.eclipse.justj.openjdk.hotspot.jre.full.win32.x86_64_17.0.6.v20230125-1136\jre\bin\jli.dll
0x00007ffeeda80000 - 0x00007ffeeda99000 	C:\Users\LAISF\eclipse-workspace\sts-4.17.2.RELEASE\plugins\org.eclipse.justj.openjdk.hotspot.jre.full.win32.x86_64_17.0.6.v20230125-1136\jre\bin\VCRUNTIME140.dll
0x00007fff18030000 - 0x00007fff181dd000 	C:\Windows\System32\USER32.dll
0x00007fff15be0000 - 0x00007fff15c06000 	C:\Windows\System32\win32u.dll
0x00007fff179b0000 - 0x00007fff179d9000 	C:\Windows\System32\GDI32.dll
0x00007fff15810000 - 0x00007fff15928000 	C:\Windows\System32\gdi32full.dll
0x00007ffefafe0000 - 0x00007ffefb285000 	C:\Windows\WinSxS\amd64_microsoft.windows.common-controls_6595b64144ccf1df_6.0.22000.120_none_9d947278b86cc467\COMCTL32.dll
0x00007fff160b0000 - 0x00007fff1614d000 	C:\Windows\System32\msvcp_win.dll
0x00007fff176e0000 - 0x00007fff17783000 	C:\Windows\System32\msvcrt.dll
0x00007fff17840000 - 0x00007fff17872000 	C:\Windows\System32\IMM32.DLL
0x00007fff0dc30000 - 0x00007fff0dc3c000 	C:\Users\LAISF\eclipse-workspace\sts-4.17.2.RELEASE\plugins\org.eclipse.justj.openjdk.hotspot.jre.full.win32.x86_64_17.0.6.v20230125-1136\jre\bin\vcruntime140_1.dll
0x00007ffee9270000 - 0x00007ffee9301000 	C:\Users\LAISF\eclipse-workspace\sts-4.17.2.RELEASE\plugins\org.eclipse.justj.openjdk.hotspot.jre.full.win32.x86_64_17.0.6.v20230125-1136\jre\bin\msvcp140.dll
0x00007ffebcd20000 - 0x00007ffebd967000 	C:\Users\LAISF\eclipse-workspace\sts-4.17.2.RELEASE\plugins\org.eclipse.justj.openjdk.hotspot.jre.full.win32.x86_64_17.0.6.v20230125-1136\jre\bin\server\jvm.dll
0x00007fff161c0000 - 0x00007fff1626e000 	C:\Windows\System32\ADVAPI32.dll
0x00007fff17ba0000 - 0x00007fff17c3e000 	C:\Windows\System32\sechost.dll
0x00007fff181e0000 - 0x00007fff18300000 	C:\Windows\System32\RPCRT4.dll
0x00007fff108a0000 - 0x00007fff108a9000 	C:\Windows\SYSTEM32\WSOCK32.dll
0x00007fff17880000 - 0x00007fff178ef000 	C:\Windows\System32\WS2_32.dll
0x00007fff0f6b0000 - 0x00007fff0f6e3000 	C:\Windows\SYSTEM32\WINMM.dll
0x00007fff0c770000 - 0x00007fff0c77a000 	C:\Windows\SYSTEM32\VERSION.dll
0x00007fff14890000 - 0x00007fff148a8000 	C:\Windows\SYSTEM32\kernel.appcore.dll
0x00007fff10890000 - 0x00007fff1089a000 	C:\Users\LAISF\eclipse-workspace\sts-4.17.2.RELEASE\plugins\org.eclipse.justj.openjdk.hotspot.jre.full.win32.x86_64_17.0.6.v20230125-1136\jre\bin\jimage.dll
0x00007fff0d2a0000 - 0x00007fff0d4c1000 	C:\Windows\SYSTEM32\DBGHELP.DLL
0x00007fff022b0000 - 0x00007fff022e1000 	C:\Windows\SYSTEM32\dbgcore.DLL
0x00007fff15930000 - 0x00007fff159af000 	C:\Windows\System32\bcryptPrimitives.dll
0x00007ffef3e00000 - 0x00007ffef3e25000 	C:\Users\LAISF\eclipse-workspace\sts-4.17.2.RELEASE\plugins\org.eclipse.justj.openjdk.hotspot.jre.full.win32.x86_64_17.0.6.v20230125-1136\jre\bin\java.dll
0x00007ffef2190000 - 0x00007ffef21a8000 	C:\Users\LAISF\eclipse-workspace\sts-4.17.2.RELEASE\plugins\org.eclipse.justj.openjdk.hotspot.jre.full.win32.x86_64_17.0.6.v20230125-1136\jre\bin\zip.dll
0x00007fff16970000 - 0x00007fff17135000 	C:\Windows\System32\SHELL32.dll
0x00007fff13900000 - 0x00007fff14165000 	C:\Windows\SYSTEM32\windows.storage.dll
0x00007fff16310000 - 0x00007fff16688000 	C:\Windows\System32\combase.dll
0x00007fff13790000 - 0x00007fff138f6000 	C:\Windows\SYSTEM32\wintypes.dll
0x00007fff16710000 - 0x00007fff167fa000 	C:\Windows\System32\SHCORE.dll
0x00007fff17ca0000 - 0x00007fff17cfd000 	C:\Windows\System32\shlwapi.dll
0x00007fff15740000 - 0x00007fff15761000 	C:\Windows\SYSTEM32\profapi.dll
0x00007ffef0ca0000 - 0x00007ffef0cb9000 	C:\Users\LAISF\eclipse-workspace\sts-4.17.2.RELEASE\plugins\org.eclipse.justj.openjdk.hotspot.jre.full.win32.x86_64_17.0.6.v20230125-1136\jre\bin\net.dll
0x00007fff0e7f0000 - 0x00007fff0e904000 	C:\Windows\SYSTEM32\WINHTTP.dll
0x00007fff14d30000 - 0x00007fff14d97000 	C:\Windows\system32\mswsock.dll
0x00007ffeee130000 - 0x00007ffeee145000 	C:\Users\LAISF\eclipse-workspace\sts-4.17.2.RELEASE\plugins\org.eclipse.justj.openjdk.hotspot.jre.full.win32.x86_64_17.0.6.v20230125-1136\jre\bin\nio.dll
0x00007fff04310000 - 0x00007fff04319000 	C:\Users\LAISF\eclipse-workspace\sts-4.17.2.RELEASE\plugins\org.eclipse.justj.openjdk.hotspot.jre.full.win32.x86_64_17.0.6.v20230125-1136\jre\bin\management.dll
0x00007fff04210000 - 0x00007fff0421b000 	C:\Users\LAISF\eclipse-workspace\sts-4.17.2.RELEASE\plugins\org.eclipse.justj.openjdk.hotspot.jre.full.win32.x86_64_17.0.6.v20230125-1136\jre\bin\management_ext.dll
0x00007fff166a0000 - 0x00007fff166a8000 	C:\Windows\System32\PSAPI.DLL
0x00007ffef3c50000 - 0x00007ffef3c67000 	C:\Windows\system32\napinsp.dll
0x00007ffef3b50000 - 0x00007ffef3b6b000 	C:\Windows\system32\pnrpnsp.dll
0x00007fff14430000 - 0x00007fff14518000 	C:\Windows\SYSTEM32\DNSAPI.dll
0x00007fff143c0000 - 0x00007fff143ed000 	C:\Windows\SYSTEM32\IPHLPAPI.DLL
0x00007fff16690000 - 0x00007fff16699000 	C:\Windows\System32\NSI.dll
0x00007ffef3c30000 - 0x00007ffef3c42000 	C:\Windows\System32\winrnr.dll
0x00007ffef3c10000 - 0x00007ffef3c25000 	C:\Windows\system32\wshbth.dll
0x00007ffef3bf0000 - 0x00007ffef3c0f000 	C:\Windows\system32\nlansp_c.dll
0x000000006a470000 - 0x000000006a496000 	C:\Program Files\Bonjour\mdnsNSP.dll
0x00007fff0bed0000 - 0x00007fff0beda000 	C:\Windows\System32\rasadhlp.dll
0x00007fff0cd10000 - 0x00007fff0cd91000 	C:\Windows\System32\fwpuclnt.dll
0x00007fff14f80000 - 0x00007fff14f98000 	C:\Windows\SYSTEM32\CRYPTSP.dll
0x00007fff147f0000 - 0x00007fff14825000 	C:\Windows\system32\rsaenh.dll
0x00007fff14e20000 - 0x00007fff14e49000 	C:\Windows\SYSTEM32\USERENV.dll
0x00007fff15100000 - 0x00007fff15127000 	C:\Windows\SYSTEM32\bcrypt.dll
0x00007fff14f70000 - 0x00007fff14f7c000 	C:\Windows\SYSTEM32\CRYPTBASE.dll
0x00007fff0ef50000 - 0x00007fff0ef69000 	C:\Windows\SYSTEM32\dhcpcsvc6.DLL
0x00007fff0f3b0000 - 0x00007fff0f3ce000 	C:\Windows\SYSTEM32\dhcpcsvc.DLL
0x00007fff105d0000 - 0x00007fff105e0000 	C:\Users\LAISF\eclipse-workspace\sts-4.17.2.RELEASE\plugins\org.eclipse.justj.openjdk.hotspot.jre.full.win32.x86_64_17.0.6.v20230125-1136\jre\bin\verify.dll
0x00007fff0f880000 - 0x00007fff0f88e000 	C:\Users\LAISF\eclipse-workspace\sts-4.17.2.RELEASE\plugins\org.eclipse.justj.openjdk.hotspot.jre.full.win32.x86_64_17.0.6.v20230125-1136\jre\bin\sunmscapi.dll
0x00007fff15a70000 - 0x00007fff15bd2000 	C:\Windows\System32\CRYPT32.dll
0x00007fff150d0000 - 0x00007fff150f8000 	C:\Windows\SYSTEM32\ncrypt.dll
0x00007fff15090000 - 0x00007fff150c7000 	C:\Windows\SYSTEM32\NTASN1.dll

dbghelp: loaded successfully - version: 4.0.5 - missing functions: none
symbol engine: initialized successfully - sym options: 0x614 - pdb path: .;C:\Users\LAISF\eclipse-workspace\sts-4.17.2.RELEASE\plugins\org.eclipse.justj.openjdk.hotspot.jre.full.win32.x86_64_17.0.6.v20230125-1136\jre\bin;C:\Windows\SYSTEM32;C:\Windows\WinSxS\amd64_microsoft.windows.common-controls_6595b64144ccf1df_6.0.22000.120_none_9d947278b86cc467;C:\Users\LAISF\eclipse-workspace\sts-4.17.2.RELEASE\plugins\org.eclipse.justj.openjdk.hotspot.jre.full.win32.x86_64_17.0.6.v20230125-1136\jre\bin\server;C:\Program Files\Bonjour

VM Arguments:
jvm_args: -Dcom.sun.management.jmxremote -Dcom.sun.management.jmxremote.port=49405 -Dcom.sun.management.jmxremote.authenticate=false -Dcom.sun.management.jmxremote.ssl=false -Djava.rmi.server.hostname=localhost -Dspring.jmx.enabled=true -Dmanagement.endpoints.jmx.exposure.include=* -Dspring.application.admin.enabled=true -XX:TieredStopAtLevel=1 -Dspring.boot.project.name=blogpessoal -Dfile.encoding=UTF-8 -XX:+ShowCodeDetailsInExceptionMessages 
java_command: com.generation.blogpessoal.BlogpessoalApplication --spring.output.ansi.enabled=always
java_class_path (initial): C:\Users\LAISF\Desktop\Spring\blogpessoal\target\classes;C:\Users\LAISF\.m2\repository\org\springframework\boot\spring-boot-starter-data-jpa\3.0.5\spring-boot-starter-data-jpa-3.0.5.jar;C:\Users\LAISF\.m2\repository\org\springframework\boot\spring-boot-starter-aop\3.0.5\spring-boot-starter-aop-3.0.5.jar;C:\Users\LAISF\.m2\repository\org\springframework\spring-aop\6.0.7\spring-aop-6.0.7.jar;C:\Users\LAISF\.m2\repository\org\aspectj\aspectjweaver\1.9.19\aspectjweaver-1.9.19.jar;C:\Users\LAISF\.m2\repository\org\springframework\boot\spring-boot-starter-jdbc\3.0.5\spring-boot-starter-jdbc-3.0.5.jar;C:\Users\LAISF\.m2\repository\com\zaxxer\HikariCP\5.0.1\HikariCP-5.0.1.jar;C:\Users\LAISF\.m2\repository\org\springframework\spring-jdbc\6.0.7\spring-jdbc-6.0.7.jar;C:\Users\LAISF\.m2\repository\org\hibernate\orm\hibernate-core\6.1.7.Final\hibernate-core-6.1.7.Final.jar;C:\Users\LAISF\.m2\repository\jakarta\persistence\jakarta.persistence-api\3.1.0\jakarta.persistence-api-3.1.0.jar;C:\Users\LAISF\.m2\repository\jakarta\transaction\jakarta.transaction-api\2.0.1\jakarta.transaction-api-2.0.1.jar;C:\Users\LAISF\.m2\repository\org\jboss\logging\jboss-logging\3.5.0.Final\jboss-logging-3.5.0.Final.jar;C:\Users\LAISF\.m2\repository\org\hibernate\common\hibernate-commons-annotations\6.0.6.Final\hibernate-commons-annotations-6.0.6.Final.jar;C:\Users\LAISF\.m2\repository\org\jboss\jandex\2.4.2.Final\jandex-2.4.2.Final.jar;C:\Users\LAISF\.m2\repository\com\fasterxml\classmate\1.5.1\classmate-1.5.1.jar;C:\Users\LAISF\.m2\repository\net\bytebuddy\byte-buddy\1.12.23\byte-buddy-1.12.23.jar;C:\Users\LAISF\.m2\repository\org\glassfish\jaxb\jaxb-runtime\4.0.2\jaxb-runtime-4.0.2.jar;C:\Users\LAISF\.m2\repository\org\glassfish\jaxb\jaxb-core\4.0.2\jaxb-core-4.0.2.jar;C:\Users\LAISF\.m2\repository\org\eclipse\angus\angus-activation\2.0.0\angus-activation-2.0.0.jar;C:\Users\LAISF\.m2\repository\org\glassfish\jaxb\txw2\4.0.2\txw2-4.0.2.jar;C:\Users\LAISF\.m2\repository\
Launcher Type: SUN_STANDARD

[Global flags]
     intx CICompilerCount                          = 3                                         {product} {ergonomic}
     uint ConcGCThreads                            = 1                                         {product} {ergonomic}
     uint G1ConcRefinementThreads                  = 4                                         {product} {ergonomic}
   size_t G1HeapRegionSize                         = 1048576                                   {product} {ergonomic}
    uintx GCDrainStackTargetSize                   = 64                                        {product} {ergonomic}
   size_t InitialHeapSize                          = 65011712                                  {product} {ergonomic}
     bool ManagementServer                         = true                                      {product} {command line}
   size_t MarkStackSize                            = 4194304                                   {product} {ergonomic}
   size_t MaxHeapSize                              = 1031798784                                {product} {ergonomic}
   size_t MaxNewSize                               = 618659840                                 {product} {ergonomic}
   size_t MinHeapDeltaBytes                        = 1048576                                   {product} {ergonomic}
   size_t MinHeapSize                              = 8388608                                   {product} {ergonomic}
    uintx NonProfiledCodeHeapSize                  = 0                                      {pd product} {ergonomic}
     bool ProfileInterpreter                       = false                                  {pd product} {command line}
    uintx ProfiledCodeHeapSize                     = 0                                      {pd product} {ergonomic}
     bool ShowCodeDetailsInExceptionMessages       = true                                   {manageable} {command line}
   size_t SoftMaxHeapSize                          = 1031798784                             {manageable} {ergonomic}
     intx TieredStopAtLevel                        = 1                                         {product} {command line}
     bool UseCompressedClassPointers               = true                           {product lp64_product} {ergonomic}
     bool UseCompressedOops                        = true                           {product lp64_product} {ergonomic}
     bool UseG1GC                                  = true                                      {product} {ergonomic}
     bool UseLargePagesIndividualAllocation        = false                                  {pd product} {ergonomic}

Logging:
Log output configuration:
 #0: stdout all=warning uptime,level,tags
 #1: stderr all=off uptime,level,tags

Environment Variables:
JAVA_HOME=C:\Users\LAISF\Downloads\jdk-17.0.6_windows-x64_bin.exe
PATH=C:/Users/LAISF/eclipse-workspace/sts-4.17.2.RELEASE//plugins/org.eclipse.justj.openjdk.hotspot.jre.full.win32.x86_64_17.0.6.v20230125-1136/jre/bin/server;C:/Users/LAISF/eclipse-workspace/sts-4.17.2.RELEASE//plugins/org.eclipse.justj.openjdk.hotspot.jre.full.win32.x86_64_17.0.6.v20230125-1136/jre/bin;C:\Program Files\Common Files\Oracle\Java\javapath;C:\Windows\system32;C:\Windows;C:\Windows\System32\Wbem;C:\Windows\System32\WindowsPowerShell\v1.0\;C:\Windows\System32\OpenSSH\;C:\ProgramData\UNIVALI\Portugol Studio;C:\Program Files\nodejs\;C:\Program Files\Git\cmd;C:\Users\LAISF\AppData\Local\Microsoft\WindowsApps;C:\Users\LAISF\AppData\Local\GitHubDesktop\bin;C:\Users\LAISF\AppData\Local\Programs\Microsoft VS Code\bin;C:\Users\LAISF\AppData\Roaming\npm;C:\ProgramData\chocolatey\bin;C:\Program Files\Java\jdk-17.0.3.1;;C:\Users\LAISF\eclipse-workspace\sts-4.17.2.RELEASE;
USERNAME=LAISF
OS=Windows_NT
PROCESSOR_IDENTIFIER=Intel64 Family 6 Model 142 Stepping 12, GenuineIntel
TMP=C:\Users\LAISF\AppData\Local\Temp
TEMP=C:\Users\LAISF\AppData\Local\Temp



---------------  S Y S T E M  ---------------

OS:
 Windows 11 , 64 bit Build 22000 (10.0.22000.1516)
OS uptime: 14 days 19:24 hours

CPU: total 4 (initial active 4) (2 cores per cpu, 2 threads per core) family 6 model 142 stepping 12 microcode 0xec, cx8, cmov, fxsr, ht, mmx, 3dnowpref, sse, sse2, sse3, ssse3, sse4.1, sse4.2, popcnt, lzcnt, tsc, tscinvbit, avx, avx2, aes, erms, clmul, bmi1, bmi2, adx, fma, vzeroupper, clflush, clflushopt

Memory: 4k page, system-wide physical 3930M (20M free)
TotalPageFile size 16218M (AvailPageFile size 0M)
current process WorkingSet (physical memory assigned to process): 122M, peak: 124M
current process commit charge ("private bytes"): 167M, peak: 167M

vm_info: OpenJDK 64-Bit Server VM (17.0.6+10) for windows-amd64 JRE (17.0.6+10), built on Jan 18 2023 10:08:59 by "temurin" with MS VC++ 16.7 (VS2019)

END.
