#
# There is insufficient memory for the Java Runtime Environment to continue.
# Native memory allocation (mmap) failed to map 65536 bytes for Failed to commit metaspace.
# Possible reasons:
#   The system is out of physical RAM or swap space
#   The process is running with CompressedOops enabled, and the Java Heap may be blocking the growth of the native heap
# Possible solutions:
#   Reduce memory load on the system
#   Increase physical memory or swap space
#   Check if swap backing store is full
#   Decrease Java heap size (-Xmx/-Xms)
#   Decrease number of Java threads
#   Decrease Java thread stack sizes (-Xss)
#   Set larger code cache with -XX:ReservedCodeCacheSize=
#   JVM is running with Unscaled Compressed Oops mode in which the Java heap is
#     placed in the first 4GB address space. The Java Heap base address is the
#     maximum limit for the native heap growth. Please use -XX:HeapBaseMinAddress
#     to set the Java Heap base and to place the Java Heap above 4GB virtual address.
# This output file may be truncated or incomplete.
#
#  Out of Memory Error (virtualSpaceNode.cpp:110), pid=71364, tid=84264
#
# JRE version: OpenJDK Runtime Environment Temurin-17.0.6+10 (17.0.6+10) (build 17.0.6+10)
# Java VM: OpenJDK 64-Bit Server VM Temurin-17.0.6+10 (17.0.6+10, mixed mode, emulated-client, tiered, compressed oops, compressed class ptrs, g1 gc, windows-amd64)
# No core dump will be written. Minidumps are not enabled by default on client versions of Windows
#

---------------  S U M M A R Y ------------

Command Line: -Dcom.sun.management.jmxremote -Dcom.sun.management.jmxremote.port=49484 -Dcom.sun.management.jmxremote.authenticate=false -Dcom.sun.management.jmxremote.ssl=false -Djava.rmi.server.hostname=localhost -Dspring.jmx.enabled=true -Dmanagement.endpoints.jmx.exposure.include=* -Dspring.application.admin.enabled=true -XX:TieredStopAtLevel=1 -Dspring.boot.project.name=blogpessoal -Dfile.encoding=UTF-8 -XX:+ShowCodeDetailsInExceptionMessages com.generation.blogpessoal.BlogpessoalApplication --spring.output.ansi.enabled=always

Host: Intel(R) Core(TM) i3-10110U CPU @ 2.10GHz, 4 cores, 3G,  Windows 11 , 64 bit Build 22000 (10.0.22000.1516)
Time: Fri Apr 14 11:32:08 2023 Hora oficial do Brasil elapsed time: 1.466909 seconds (0d 0h 0m 1s)

---------------  T H R E A D  ---------------

Current thread (0x000002269cd7e500):  JavaThread "main" [_thread_in_vm, id=84264, stack(0x0000006d10000000,0x0000006d10100000)]

Stack: [0x0000006d10000000,0x0000006d10100000]
Native frames: (J=compiled Java code, j=interpreted, Vv=VM code, C=native code)
V  [jvm.dll+0x67741a]
V  [jvm.dll+0x834434]
V  [jvm.dll+0x835bde]
V  [jvm.dll+0x836243]
V  [jvm.dll+0x2457b5]
V  [jvm.dll+0x8304cb]
V  [jvm.dll+0x61bca6]
V  [jvm.dll+0x61bd0a]
V  [jvm.dll+0x61e52a]
V  [jvm.dll+0x61c646]
V  [jvm.dll+0x23b2a0]
V  [jvm.dll+0x1eae0d]
V  [jvm.dll+0x1e0841]
V  [jvm.dll+0x53c6d0]
V  [jvm.dll+0x1f1017]
V  [jvm.dll+0x7aea1b]
V  [jvm.dll+0x7afdc2]
V  [jvm.dll+0x7b00f8]
V  [jvm.dll+0x23dbbe]
V  [jvm.dll+0x37ecce]
C  0x00000226a044993b

Java frames: (J=compiled Java code, j=interpreted, Vv=VM code)
j  java.lang.invoke.LambdaMetafactory.metafactory(Ljava/lang/invoke/MethodHandles$Lookup;Ljava/lang/String;Ljava/lang/invoke/MethodType;Ljava/lang/invoke/MethodType;Ljava/lang/invoke/MethodHandle;Ljava/lang/invoke/MethodType;)Ljava/lang/invoke/CallSite;+0 java.base@17.0.6
j  java.lang.invoke.DirectMethodHandle$Holder.invokeStatic(Ljava/lang/Object;Ljava/lang/Object;Ljava/lang/Object;Ljava/lang/Object;Ljava/lang/Object;Ljava/lang/Object;Ljava/lang/Object;)Ljava/lang/Object;+20 java.base@17.0.6
j  java.lang.invoke.Invokers$Holder.invokeExact_MT(Ljava/lang/Object;Ljava/lang/Object;Ljava/lang/Object;Ljava/lang/Object;Ljava/lang/Object;Ljava/lang/Object;Ljava/lang/Object;Ljava/lang/Object;)Ljava/lang/Object;+28 java.base@17.0.6
j  java.lang.invoke.BootstrapMethodInvoker.invoke(Ljava/lang/Class;Ljava/lang/invoke/MethodHandle;Ljava/lang/String;Ljava/lang/Object;Ljava/lang/Object;Ljava/lang/Class;)Ljava/lang/Object;+319 java.base@17.0.6
j  java.lang.invoke.CallSite.makeSite(Ljava/lang/invoke/MethodHandle;Ljava/lang/String;Ljava/lang/invoke/MethodType;Ljava/lang/Object;Ljava/lang/Class;)Ljava/lang/invoke/CallSite;+8 java.base@17.0.6
j  java.lang.invoke.MethodHandleNatives.linkCallSiteImpl(Ljava/lang/Class;Ljava/lang/invoke/MethodHandle;Ljava/lang/String;Ljava/lang/invoke/MethodType;Ljava/lang/Object;[Ljava/lang/Object;)Ljava/lang/invoke/MemberName;+6 java.base@17.0.6
j  java.lang.invoke.MethodHandleNatives.linkCallSite(Ljava/lang/Object;ILjava/lang/Object;Ljava/lang/Object;Ljava/lang/Object;Ljava/lang/Object;[Ljava/lang/Object;)Ljava/lang/invoke/MemberName;+46 java.base@17.0.6
v  ~StubRoutines::call_stub
j  jdk.internal.module.DefaultRoots.compute(Ljava/lang/module/ModuleFinder;Ljava/lang/module/ModuleFinder;)Ljava/util/Set;+11 java.base@17.0.6
j  jdk.internal.module.ModuleBootstrap.boot2()Ljava/lang/ModuleLayer;+727 java.base@17.0.6
j  jdk.internal.module.ModuleBootstrap.boot()Ljava/lang/ModuleLayer;+64 java.base@17.0.6
j  java.lang.System.initPhase2(ZZ)I+0 java.base@17.0.6
v  ~StubRoutines::call_stub

---------------  P R O C E S S  ---------------

Threads class SMR info:
_java_thread_list=0x00000226a7bbebc0, length=9, elements={
0x000002269cd7e500, 0x00000226a7b94270, 0x00000226a7b95840, 0x00000226a7bb94c0,
0x00000226a7bbbe80, 0x00000226a7bbc830, 0x00000226a7bbd1e0, 0x00000226a7bc1c50,
0x00000226a7bf3d10
}

Java Threads: ( => current thread )
=>0x000002269cd7e500 JavaThread "main" [_thread_in_vm, id=84264, stack(0x0000006d10000000,0x0000006d10100000)]
  0x00000226a7b94270 JavaThread "Reference Handler" daemon [_thread_blocked, id=85184, stack(0x0000006d10700000,0x0000006d10800000)]
  0x00000226a7b95840 JavaThread "Finalizer" daemon [_thread_blocked, id=86380, stack(0x0000006d10800000,0x0000006d10900000)]
  0x00000226a7bb94c0 JavaThread "Signal Dispatcher" daemon [_thread_blocked, id=87824, stack(0x0000006d10900000,0x0000006d10a00000)]
  0x00000226a7bbbe80 JavaThread "Attach Listener" daemon [_thread_blocked, id=84980, stack(0x0000006d10a00000,0x0000006d10b00000)]
  0x00000226a7bbc830 JavaThread "Service Thread" daemon [_thread_blocked, id=51916, stack(0x0000006d10b00000,0x0000006d10c00000)]
  0x00000226a7bbd1e0 JavaThread "Monitor Deflation Thread" daemon [_thread_blocked, id=76196, stack(0x0000006d10c00000,0x0000006d10d00000)]
  0x00000226a7bc1c50 JavaThread "C1 CompilerThread0" daemon [_thread_blocked, id=73284, stack(0x0000006d10d00000,0x0000006d10e00000)]
  0x00000226a7bf3d10 JavaThread "Sweeper thread" daemon [_thread_blocked, id=82584, stack(0x0000006d10e00000,0x0000006d10f00000)]

Other Threads:
  0x00000226a7b6e680 VMThread "VM Thread" [stack: 0x0000006d10600000,0x0000006d10700000] [id=82996]
  0x000002269cdb8990 GCTaskThread "GC Thread#0" [stack: 0x0000006d10100000,0x0000006d10200000] [id=43648]
  0x000002269cdc13d0 ConcurrentGCThread "G1 Main Marker" [stack: 0x0000006d10200000,0x0000006d10300000] [id=90844]
  0x000002269cdc26e0 ConcurrentGCThread "G1 Conc#0" [stack: 0x0000006d10300000,0x0000006d10400000] [id=90892]
  0x000002269cdfe300 ConcurrentGCThread "G1 Refine#0" [stack: 0x0000006d10400000,0x0000006d10500000] [id=76568]
  0x000002269cdfee80 ConcurrentGCThread "G1 Service" [stack: 0x0000006d10500000,0x0000006d10600000] [id=76492]

Threads with active compile tasks:

VM state: not at safepoint (normal execution)

VM Mutex/Monitor currently owned by a thread:  ([mutex/lock_event])
[0x000002269ab4d010] Metaspace_lock - owner thread: 0x000002269cd7e500

Heap address: 0x00000000c2800000, size: 984 MB, Compressed Oops mode: 32-bit

CDS archive(s) not mapped
Compressed class space mapped at: 0x0000000100000000-0x0000000140000000, reserved size: 1073741824
Narrow klass base: 0x0000000000000000, Narrow klass shift: 3, Narrow klass range: 0x140000000

GC Precious Log:
 CPUs: 4 total, 4 available
 Memory: 3930M
 Large Page Support: Disabled
 NUMA Support: Disabled
 Compressed Oops: Enabled (32-bit)
 Heap Region Size: 1M
 Heap Min Capacity: 8M
 Heap Initial Capacity: 62M
 Heap Max Capacity: 984M
 Pre-touch: Disabled
 Parallel Workers: 4
 Concurrent Workers: 1
 Concurrent Refinement Workers: 4
 Periodic GC: Disabled

Heap:
 garbage-first heap   total 63488K, used 1024K [0x00000000c2800000, 0x0000000100000000)
  region size 1024K, 2 young (2048K), 0 survivors (0K)
 Metaspace       used 3878K, committed 3904K, reserved 1056768K
  class space    used 297K, committed 320K, reserved 1048576K

Heap Regions: E=young(eden), S=young(survivor), O=old, HS=humongous(starts), HC=humongous(continues), CS=collection set, F=free, OA=open archive, CA=closed archive, TAMS=top-at-mark-start (previous, next)
|   0|0x00000000c2800000, 0x00000000c2800000, 0x00000000c2900000|  0%| F|  |TAMS 0x00000000c2800000, 0x00000000c2800000| Untracked 
|   1|0x00000000c2900000, 0x00000000c2900000, 0x00000000c2a00000|  0%| F|  |TAMS 0x00000000c2900000, 0x00000000c2900000| Untracked 
|   2|0x00000000c2a00000, 0x00000000c2a00000, 0x00000000c2b00000|  0%| F|  |TAMS 0x00000000c2a00000, 0x00000000c2a00000| Untracked 
|   3|0x00000000c2b00000, 0x00000000c2b00000, 0x00000000c2c00000|  0%| F|  |TAMS 0x00000000c2b00000, 0x00000000c2b00000| Untracked 
|   4|0x00000000c2c00000, 0x00000000c2c00000, 0x00000000c2d00000|  0%| F|  |TAMS 0x00000000c2c00000, 0x00000000c2c00000| Untracked 
|   5|0x00000000c2d00000, 0x00000000c2d00000, 0x00000000c2e00000|  0%| F|  |TAMS 0x00000000c2d00000, 0x00000000c2d00000| Untracked 
|   6|0x00000000c2e00000, 0x00000000c2e00000, 0x00000000c2f00000|  0%| F|  |TAMS 0x00000000c2e00000, 0x00000000c2e00000| Untracked 
|   7|0x00000000c2f00000, 0x00000000c2f00000, 0x00000000c3000000|  0%| F|  |TAMS 0x00000000c2f00000, 0x00000000c2f00000| Untracked 
|   8|0x00000000c3000000, 0x00000000c3000000, 0x00000000c3100000|  0%| F|  |TAMS 0x00000000c3000000, 0x00000000c3000000| Untracked 
|   9|0x00000000c3100000, 0x00000000c3100000, 0x00000000c3200000|  0%| F|  |TAMS 0x00000000c3100000, 0x00000000c3100000| Untracked 
|  10|0x00000000c3200000, 0x00000000c3200000, 0x00000000c3300000|  0%| F|  |TAMS 0x00000000c3200000, 0x00000000c3200000| Untracked 
|  11|0x00000000c3300000, 0x00000000c3300000, 0x00000000c3400000|  0%| F|  |TAMS 0x00000000c3300000, 0x00000000c3300000| Untracked 
|  12|0x00000000c3400000, 0x00000000c3400000, 0x00000000c3500000|  0%| F|  |TAMS 0x00000000c3400000, 0x00000000c3400000| Untracked 
|  13|0x00000000c3500000, 0x00000000c3500000, 0x00000000c3600000|  0%| F|  |TAMS 0x00000000c3500000, 0x00000000c3500000| Untracked 
|  14|0x00000000c3600000, 0x00000000c3600000, 0x00000000c3700000|  0%| F|  |TAMS 0x00000000c3600000, 0x00000000c3600000| Untracked 
|  15|0x00000000c3700000, 0x00000000c3700000, 0x00000000c3800000|  0%| F|  |TAMS 0x00000000c3700000, 0x00000000c3700000| Untracked 
|  16|0x00000000c3800000, 0x00000000c3800000, 0x00000000c3900000|  0%| F|  |TAMS 0x00000000c3800000, 0x00000000c3800000| Untracked 
|  17|0x00000000c3900000, 0x00000000c3900000, 0x00000000c3a00000|  0%| F|  |TAMS 0x00000000c3900000, 0x00000000c3900000| Untracked 
|  18|0x00000000c3a00000, 0x00000000c3a00000, 0x00000000c3b00000|  0%| F|  |TAMS 0x00000000c3a00000, 0x00000000c3a00000| Untracked 
|  19|0x00000000c3b00000, 0x00000000c3b00000, 0x00000000c3c00000|  0%| F|  |TAMS 0x00000000c3b00000, 0x00000000c3b00000| Untracked 
|  20|0x00000000c3c00000, 0x00000000c3c00000, 0x00000000c3d00000|  0%| F|  |TAMS 0x00000000c3c00000, 0x00000000c3c00000| Untracked 
|  21|0x00000000c3d00000, 0x00000000c3d00000, 0x00000000c3e00000|  0%| F|  |TAMS 0x00000000c3d00000, 0x00000000c3d00000| Untracked 
|  22|0x00000000c3e00000, 0x00000000c3e00000, 0x00000000c3f00000|  0%| F|  |TAMS 0x00000000c3e00000, 0x00000000c3e00000| Untracked 
|  23|0x00000000c3f00000, 0x00000000c3f00000, 0x00000000c4000000|  0%| F|  |TAMS 0x00000000c3f00000, 0x00000000c3f00000| Untracked 
|  24|0x00000000c4000000, 0x00000000c4000000, 0x00000000c4100000|  0%| F|  |TAMS 0x00000000c4000000, 0x00000000c4000000| Untracked 
|  25|0x00000000c4100000, 0x00000000c4100000, 0x00000000c4200000|  0%| F|  |TAMS 0x00000000c4100000, 0x00000000c4100000| Untracked 
|  26|0x00000000c4200000, 0x00000000c4200000, 0x00000000c4300000|  0%| F|  |TAMS 0x00000000c4200000, 0x00000000c4200000| Untracked 
|  27|0x00000000c4300000, 0x00000000c4300000, 0x00000000c4400000|  0%| F|  |TAMS 0x00000000c4300000, 0x00000000c4300000| Untracked 
|  28|0x00000000c4400000, 0x00000000c4400000, 0x00000000c4500000|  0%| F|  |TAMS 0x00000000c4400000, 0x00000000c4400000| Untracked 
|  29|0x00000000c4500000, 0x00000000c4500000, 0x00000000c4600000|  0%| F|  |TAMS 0x00000000c4500000, 0x00000000c4500000| Untracked 
|  30|0x00000000c4600000, 0x00000000c4600000, 0x00000000c4700000|  0%| F|  |TAMS 0x00000000c4600000, 0x00000000c4600000| Untracked 
|  31|0x00000000c4700000, 0x00000000c4700000, 0x00000000c4800000|  0%| F|  |TAMS 0x00000000c4700000, 0x00000000c4700000| Untracked 
|  32|0x00000000c4800000, 0x00000000c4800000, 0x00000000c4900000|  0%| F|  |TAMS 0x00000000c4800000, 0x00000000c4800000| Untracked 
|  33|0x00000000c4900000, 0x00000000c4900000, 0x00000000c4a00000|  0%| F|  |TAMS 0x00000000c4900000, 0x00000000c4900000| Untracked 
|  34|0x00000000c4a00000, 0x00000000c4a00000, 0x00000000c4b00000|  0%| F|  |TAMS 0x00000000c4a00000, 0x00000000c4a00000| Untracked 
|  35|0x00000000c4b00000, 0x00000000c4b00000, 0x00000000c4c00000|  0%| F|  |TAMS 0x00000000c4b00000, 0x00000000c4b00000| Untracked 
|  36|0x00000000c4c00000, 0x00000000c4c00000, 0x00000000c4d00000|  0%| F|  |TAMS 0x00000000c4c00000, 0x00000000c4c00000| Untracked 
|  37|0x00000000c4d00000, 0x00000000c4d00000, 0x00000000c4e00000|  0%| F|  |TAMS 0x00000000c4d00000, 0x00000000c4d00000| Untracked 
|  38|0x00000000c4e00000, 0x00000000c4e00000, 0x00000000c4f00000|  0%| F|  |TAMS 0x00000000c4e00000, 0x00000000c4e00000| Untracked 
|  39|0x00000000c4f00000, 0x00000000c4f00000, 0x00000000c5000000|  0%| F|  |TAMS 0x00000000c4f00000, 0x00000000c4f00000| Untracked 
|  40|0x00000000c5000000, 0x00000000c5000000, 0x00000000c5100000|  0%| F|  |TAMS 0x00000000c5000000, 0x00000000c5000000| Untracked 
|  41|0x00000000c5100000, 0x00000000c5100000, 0x00000000c5200000|  0%| F|  |TAMS 0x00000000c5100000, 0x00000000c5100000| Untracked 
|  42|0x00000000c5200000, 0x00000000c5200000, 0x00000000c5300000|  0%| F|  |TAMS 0x00000000c5200000, 0x00000000c5200000| Untracked 
|  43|0x00000000c5300000, 0x00000000c5300000, 0x00000000c5400000|  0%| F|  |TAMS 0x00000000c5300000, 0x00000000c5300000| Untracked 
|  44|0x00000000c5400000, 0x00000000c5400000, 0x00000000c5500000|  0%| F|  |TAMS 0x00000000c5400000, 0x00000000c5400000| Untracked 
|  45|0x00000000c5500000, 0x00000000c5500000, 0x00000000c5600000|  0%| F|  |TAMS 0x00000000c5500000, 0x00000000c5500000| Untracked 
|  46|0x00000000c5600000, 0x00000000c5600000, 0x00000000c5700000|  0%| F|  |TAMS 0x00000000c5600000, 0x00000000c5600000| Untracked 
|  47|0x00000000c5700000, 0x00000000c5700000, 0x00000000c5800000|  0%| F|  |TAMS 0x00000000c5700000, 0x00000000c5700000| Untracked 
|  48|0x00000000c5800000, 0x00000000c5800000, 0x00000000c5900000|  0%| F|  |TAMS 0x00000000c5800000, 0x00000000c5800000| Untracked 
|  49|0x00000000c5900000, 0x00000000c5900000, 0x00000000c5a00000|  0%| F|  |TAMS 0x00000000c5900000, 0x00000000c5900000| Untracked 
|  50|0x00000000c5a00000, 0x00000000c5a00000, 0x00000000c5b00000|  0%| F|  |TAMS 0x00000000c5a00000, 0x00000000c5a00000| Untracked 
|  51|0x00000000c5b00000, 0x00000000c5b00000, 0x00000000c5c00000|  0%| F|  |TAMS 0x00000000c5b00000, 0x00000000c5b00000| Untracked 
|  52|0x00000000c5c00000, 0x00000000c5c00000, 0x00000000c5d00000|  0%| F|  |TAMS 0x00000000c5c00000, 0x00000000c5c00000| Untracked 
|  53|0x00000000c5d00000, 0x00000000c5d00000, 0x00000000c5e00000|  0%| F|  |TAMS 0x00000000c5d00000, 0x00000000c5d00000| Untracked 
|  54|0x00000000c5e00000, 0x00000000c5e00000, 0x00000000c5f00000|  0%| F|  |TAMS 0x00000000c5e00000, 0x00000000c5e00000| Untracked 
|  55|0x00000000c5f00000, 0x00000000c5f00000, 0x00000000c6000000|  0%| F|  |TAMS 0x00000000c5f00000, 0x00000000c5f00000| Untracked 
|  56|0x00000000c6000000, 0x00000000c6000000, 0x00000000c6100000|  0%| F|  |TAMS 0x00000000c6000000, 0x00000000c6000000| Untracked 
|  57|0x00000000c6100000, 0x00000000c6100000, 0x00000000c6200000|  0%| F|  |TAMS 0x00000000c6100000, 0x00000000c6100000| Untracked 
|  58|0x00000000c6200000, 0x00000000c6200000, 0x00000000c6300000|  0%| F|  |TAMS 0x00000000c6200000, 0x00000000c6200000| Untracked 
|  59|0x00000000c6300000, 0x00000000c6300000, 0x00000000c6400000|  0%| F|  |TAMS 0x00000000c6300000, 0x00000000c6300000| Untracked 
|  60|0x00000000c6400000, 0x00000000c6443120, 0x00000000c6500000| 26%| E|  |TAMS 0x00000000c6400000, 0x00000000c6400000| Complete 
|  61|0x00000000c6500000, 0x00000000c6600000, 0x00000000c6600000|100%| E|CS|TAMS 0x00000000c6500000, 0x00000000c6500000| Complete 

Card table byte_map: [0x00000226a3430000,0x00000226a3620000] _byte_map_base: 0x00000226a2e1c000

Marking Bits (Prev, Next): (CMBitMap*) 0x000002269cdb8fa0, (CMBitMap*) 0x000002269cdb8fe0
 Prev Bits: [0x00000226a3810000, 0x00000226a4770000)
 Next Bits: [0x00000226a4770000, 0x00000226a56d0000)

Polling page: 0x000002269acb0000

Metaspace:

Usage:
  Non-class:      3.50 MB used.
      Class:    297.53 KB used.
       Both:      3.79 MB used.

Virtual space:
  Non-class space:        8.00 MB reserved,       3.50 MB ( 44%) committed,  1 nodes.
      Class space:        1.00 GB reserved,     320.00 KB ( <1%) committed,  1 nodes.
             Both:        1.01 GB reserved,       3.81 MB ( <1%) committed. 

Chunk freelists:
   Non-Class:  0 bytes
       Class:  3.62 MB
        Both:  3.62 MB

MaxMetaspaceSize: unlimited
CompressedClassSpaceSize: 1.00 GB
Initial GC threshold: 21.00 MB
Current GC threshold: 21.00 MB
CDS: off
MetaspaceReclaimPolicy: balanced
 - commit_granule_bytes: 65536.
 - commit_granule_words: 8192.
 - virtual_space_node_default_size: 1048576.
 - enlarge_chunks_in_place: 1.
 - new_chunks_are_fully_committed: 0.
 - uncommit_free_chunks: 1.
 - use_allocation_guard: 0.
 - handle_deallocations: 1.


Internal statistics:

num_allocs_failed_limit: 0.
num_arena_births: 2.
num_arena_deaths: 0.
num_vsnodes_births: 2.
num_vsnodes_deaths: 0.
num_space_committed: 61.
num_space_uncommitted: 0.
num_chunks_returned_to_freelist: 0.
num_chunks_taken_from_freelist: 4.
num_chunk_merges: 0.
num_chunk_splits: 1.
num_chunks_enlarged: 0.
num_purges: 0.
num_inconsistent_stats: 0.

CodeCache: size=49152Kb used=1082Kb max_used=1082Kb free=48069Kb
 bounds [0x00000226a0430000, 0x00000226a06a0000, 0x00000226a3430000]
 total_blobs=346 nmethods=51 adapters=223
 compilation: enabled
              stopped_count=0, restarted_count=0
 full_count=0

Compilation events (20 events):
Event: 1.371 Thread 0x00000226a7bc1c50   35       1       java.lang.Math::min (11 bytes)
Event: 1.371 Thread 0x00000226a7bc1c50 nmethod 35 0x00000226a0534390 code [0x00000226a0534520, 0x00000226a05345d8]
Event: 1.392 Thread 0x00000226a7bc1c50   36       1       java.io.File::getPrefixLength (5 bytes)
Event: 1.392 Thread 0x00000226a7bc1c50 nmethod 36 0x00000226a0534690 code [0x00000226a0534820, 0x00000226a05348f8]
Event: 1.400 Thread 0x00000226a7bc1c50   37       1       java.util.concurrent.ConcurrentHashMap::tabAt (22 bytes)
Event: 1.400 Thread 0x00000226a7bc1c50 nmethod 37 0x00000226a0535410 code [0x00000226a05355a0, 0x00000226a05356b8]
Event: 1.400 Thread 0x00000226a7bc1c50   38       1       jdk.internal.misc.Unsafe::getReferenceAcquire (7 bytes)
Event: 1.400 Thread 0x00000226a7bc1c50 nmethod 38 0x00000226a0535790 code [0x00000226a0535920, 0x00000226a0535a38]
Event: 1.400 Thread 0x00000226a7bc1c50   41       1       java.util.ImmutableCollections$SetN$SetNIterator::next (90 bytes)
Event: 1.400 Thread 0x00000226a7bc1c50 nmethod 41 0x00000226a0535a90 code [0x00000226a0535c40, 0x00000226a0535de8]
Event: 1.400 Thread 0x00000226a7bc1c50   40       1       java.util.concurrent.ConcurrentHashMap::spread (10 bytes)
Event: 1.400 Thread 0x00000226a7bc1c50 nmethod 40 0x00000226a0535f10 code [0x00000226a05360a0, 0x00000226a0536158]
Event: 1.437 Thread 0x00000226a7bc1c50   43       1       java.lang.Enum::ordinal (5 bytes)
Event: 1.437 Thread 0x00000226a7bc1c50 nmethod 43 0x00000226a053aa90 code [0x00000226a053ac20, 0x00000226a053acf8]
Event: 1.438 Thread 0x00000226a7bc1c50   45       1       java.util.concurrent.ConcurrentHashMap::addCount (280 bytes)
Event: 1.439 Thread 0x00000226a7bc1c50 nmethod 45 0x00000226a053b890 code [0x00000226a053ba80, 0x00000226a053bf08]
Event: 1.440 Thread 0x00000226a7bc1c50   48   !   1       java.util.concurrent.ConcurrentHashMap::putVal (432 bytes)
Event: 1.442 Thread 0x00000226a7bc1c50 nmethod 48 0x00000226a053c190 code [0x00000226a053c420, 0x00000226a053d3b8]
Event: 1.442 Thread 0x00000226a7bc1c50   49       1       java.util.concurrent.ConcurrentHashMap$Node::<init> (20 bytes)
Event: 1.443 Thread 0x00000226a7bc1c50 nmethod 49 0x00000226a053db90 code [0x00000226a053dd20, 0x00000226a053de98]

GC Heap History (0 events):
No events

Dll operation events (1 events):
Event: 0.328 Loaded shared library C:\Users\LAISF\eclipse-workspace\sts-4.17.2.RELEASE\plugins\org.eclipse.justj.openjdk.hotspot.jre.full.win32.x86_64_17.0.6.v20230125-1136\jre\bin\java.dll

Deoptimization events (0 events):
No events

Classes unloaded (0 events):
No events

Classes redefined (0 events):
No events

Internal exceptions (0 events):
No events

VM Operations (0 events):
No events

Events (20 events):
Event: 1.437 loading class java/lang/WeakPairMap done
Event: 1.437 loading class java/lang/WeakPairMap$Pair
Event: 1.437 loading class java/lang/WeakPairMap$Pair done
Event: 1.437 loading class java/lang/WeakPairMap$Pair$Lookup
Event: 1.437 loading class java/lang/WeakPairMap$Pair$Lookup done
Event: 1.437 loading class java/util/function/Predicate
Event: 1.438 loading class java/util/function/Predicate done
Event: 1.438 loading class java/lang/invoke/BootstrapMethodInvoker
Event: 1.440 loading class java/lang/invoke/BootstrapMethodInvoker done
Event: 1.441 loading class java/lang/invoke/VarHandle$AccessMode
Event: 1.443 loading class java/lang/invoke/VarHandle$AccessMode done
Event: 1.443 loading class java/lang/invoke/VarHandle$AccessType
Event: 1.443 loading class java/lang/invoke/VarHandle$AccessType done
Event: 1.443 loading class java/lang/invoke/Invokers$Holder
Event: 1.443 loading class java/lang/invoke/Invokers$Holder done
Event: 1.444 loading class java/lang/invoke/MethodHandleImpl$1
Event: 1.444 loading class jdk/internal/access/JavaLangInvokeAccess
Event: 1.444 loading class jdk/internal/access/JavaLangInvokeAccess done
Event: 1.444 loading class java/lang/invoke/MethodHandleImpl$1 done
Event: 1.445 loading class java/lang/invoke/InnerClassLambdaMetafactory


Dynamic libraries:
0x00007ff6d13a0000 - 0x00007ff6d13ae000 	C:\Users\LAISF\eclipse-workspace\sts-4.17.2.RELEASE\plugins\org.eclipse.justj.openjdk.hotspot.jre.full.win32.x86_64_17.0.6.v20230125-1136\jre\bin\javaw.exe
0x00007fff18340000 - 0x00007fff18549000 	C:\Windows\SYSTEM32\ntdll.dll
0x00007fff178f0000 - 0x00007fff179ae000 	C:\Windows\System32\KERNEL32.DLL
0x00007fff15d30000 - 0x00007fff160ac000 	C:\Windows\System32\KERNELBASE.dll
0x00007fff15c10000 - 0x00007fff15d21000 	C:\Windows\System32\ucrtbase.dll
0x00007ffeed180000 - 0x00007ffeed197000 	C:\Users\LAISF\eclipse-workspace\sts-4.17.2.RELEASE\plugins\org.eclipse.justj.openjdk.hotspot.jre.full.win32.x86_64_17.0.6.v20230125-1136\jre\bin\jli.dll
0x00007fff18030000 - 0x00007fff181dd000 	C:\Windows\System32\USER32.dll
0x00007fff15be0000 - 0x00007fff15c06000 	C:\Windows\System32\win32u.dll
0x00007fff179b0000 - 0x00007fff179d9000 	C:\Windows\System32\GDI32.dll
0x00007ffeeda80000 - 0x00007ffeeda99000 	C:\Users\LAISF\eclipse-workspace\sts-4.17.2.RELEASE\plugins\org.eclipse.justj.openjdk.hotspot.jre.full.win32.x86_64_17.0.6.v20230125-1136\jre\bin\VCRUNTIME140.dll
0x00007fff15810000 - 0x00007fff15928000 	C:\Windows\System32\gdi32full.dll
0x00007ffefafe0000 - 0x00007ffefb285000 	C:\Windows\WinSxS\amd64_microsoft.windows.common-controls_6595b64144ccf1df_6.0.22000.120_none_9d947278b86cc467\COMCTL32.dll
0x00007fff160b0000 - 0x00007fff1614d000 	C:\Windows\System32\msvcp_win.dll
0x00007fff176e0000 - 0x00007fff17783000 	C:\Windows\System32\msvcrt.dll
0x00007fff17840000 - 0x00007fff17872000 	C:\Windows\System32\IMM32.DLL
0x00007fff0dc30000 - 0x00007fff0dc3c000 	C:\Users\LAISF\eclipse-workspace\sts-4.17.2.RELEASE\plugins\org.eclipse.justj.openjdk.hotspot.jre.full.win32.x86_64_17.0.6.v20230125-1136\jre\bin\vcruntime140_1.dll
0x00007ffee9270000 - 0x00007ffee9301000 	C:\Users\LAISF\eclipse-workspace\sts-4.17.2.RELEASE\plugins\org.eclipse.justj.openjdk.hotspot.jre.full.win32.x86_64_17.0.6.v20230125-1136\jre\bin\msvcp140.dll
0x00007ffebcd20000 - 0x00007ffebd967000 	C:\Users\LAISF\eclipse-workspace\sts-4.17.2.RELEASE\plugins\org.eclipse.justj.openjdk.hotspot.jre.full.win32.x86_64_17.0.6.v20230125-1136\jre\bin\server\jvm.dll
0x00007fff161c0000 - 0x00007fff1626e000 	C:\Windows\System32\ADVAPI32.dll
0x00007fff17ba0000 - 0x00007fff17c3e000 	C:\Windows\System32\sechost.dll
0x00007fff181e0000 - 0x00007fff18300000 	C:\Windows\System32\RPCRT4.dll
0x00007fff0f6b0000 - 0x00007fff0f6e3000 	C:\Windows\SYSTEM32\WINMM.dll
0x00007fff108a0000 - 0x00007fff108a9000 	C:\Windows\SYSTEM32\WSOCK32.dll
0x00007fff17880000 - 0x00007fff178ef000 	C:\Windows\System32\WS2_32.dll
0x00007fff0c770000 - 0x00007fff0c77a000 	C:\Windows\SYSTEM32\VERSION.dll
0x00007fff14890000 - 0x00007fff148a8000 	C:\Windows\SYSTEM32\kernel.appcore.dll
0x00007fff10890000 - 0x00007fff1089a000 	C:\Users\LAISF\eclipse-workspace\sts-4.17.2.RELEASE\plugins\org.eclipse.justj.openjdk.hotspot.jre.full.win32.x86_64_17.0.6.v20230125-1136\jre\bin\jimage.dll
0x00007fff0d2a0000 - 0x00007fff0d4c1000 	C:\Windows\SYSTEM32\DBGHELP.DLL
0x00007fff022b0000 - 0x00007fff022e1000 	C:\Windows\SYSTEM32\dbgcore.DLL
0x00007fff15930000 - 0x00007fff159af000 	C:\Windows\System32\bcryptPrimitives.dll
0x00007ffef3e00000 - 0x00007ffef3e25000 	C:\Users\LAISF\eclipse-workspace\sts-4.17.2.RELEASE\plugins\org.eclipse.justj.openjdk.hotspot.jre.full.win32.x86_64_17.0.6.v20230125-1136\jre\bin\java.dll
0x00007ffef2190000 - 0x00007ffef21a8000 	C:\Users\LAISF\eclipse-workspace\sts-4.17.2.RELEASE\plugins\org.eclipse.justj.openjdk.hotspot.jre.full.win32.x86_64_17.0.6.v20230125-1136\jre\bin\zip.dll
0x00007fff16970000 - 0x00007fff17135000 	C:\Windows\System32\SHELL32.dll
0x00007fff13900000 - 0x00007fff14165000 	C:\Windows\SYSTEM32\windows.storage.dll
0x00007fff16310000 - 0x00007fff16688000 	C:\Windows\System32\combase.dll
0x00007fff13790000 - 0x00007fff138f6000 	C:\Windows\SYSTEM32\wintypes.dll
0x00007fff16710000 - 0x00007fff167fa000 	C:\Windows\System32\SHCORE.dll
0x00007fff17ca0000 - 0x00007fff17cfd000 	C:\Windows\System32\shlwapi.dll
0x00007fff15740000 - 0x00007fff15761000 	C:\Windows\SYSTEM32\profapi.dll

dbghelp: loaded successfully - version: 4.0.5 - missing functions: none
symbol engine: initialized successfully - sym options: 0x614 - pdb path: .;C:\Users\LAISF\eclipse-workspace\sts-4.17.2.RELEASE\plugins\org.eclipse.justj.openjdk.hotspot.jre.full.win32.x86_64_17.0.6.v20230125-1136\jre\bin;C:\Windows\SYSTEM32;C:\Windows\WinSxS\amd64_microsoft.windows.common-controls_6595b64144ccf1df_6.0.22000.120_none_9d947278b86cc467;C:\Users\LAISF\eclipse-workspace\sts-4.17.2.RELEASE\plugins\org.eclipse.justj.openjdk.hotspot.jre.full.win32.x86_64_17.0.6.v20230125-1136\jre\bin\server

VM Arguments:
jvm_args: -Dcom.sun.management.jmxremote -Dcom.sun.management.jmxremote.port=49484 -Dcom.sun.management.jmxremote.authenticate=false -Dcom.sun.management.jmxremote.ssl=false -Djava.rmi.server.hostname=localhost -Dspring.jmx.enabled=true -Dmanagement.endpoints.jmx.exposure.include=* -Dspring.application.admin.enabled=true -XX:TieredStopAtLevel=1 -Dspring.boot.project.name=blogpessoal -Dfile.encoding=UTF-8 -XX:+ShowCodeDetailsInExceptionMessages 
java_command: com.generation.blogpessoal.BlogpessoalApplication --spring.output.ansi.enabled=always
java_class_path (initial): C:\Users\LAISF\Desktop\Spring\blogpessoal\target\classes;C:\Users\LAISF\.m2\repository\org\springframework\boot\spring-boot-starter-data-jpa\3.0.5\spring-boot-starter-data-jpa-3.0.5.jar;C:\Users\LAISF\.m2\repository\org\springframework\boot\spring-boot-starter-aop\3.0.5\spring-boot-starter-aop-3.0.5.jar;C:\Users\LAISF\.m2\repository\org\springframework\spring-aop\6.0.7\spring-aop-6.0.7.jar;C:\Users\LAISF\.m2\repository\org\aspectj\aspectjweaver\1.9.19\aspectjweaver-1.9.19.jar;C:\Users\LAISF\.m2\repository\org\springframework\boot\spring-boot-starter-jdbc\3.0.5\spring-boot-starter-jdbc-3.0.5.jar;C:\Users\LAISF\.m2\repository\com\zaxxer\HikariCP\5.0.1\HikariCP-5.0.1.jar;C:\Users\LAISF\.m2\repository\org\springframework\spring-jdbc\6.0.7\spring-jdbc-6.0.7.jar;C:\Users\LAISF\.m2\repository\org\hibernate\orm\hibernate-core\6.1.7.Final\hibernate-core-6.1.7.Final.jar;C:\Users\LAISF\.m2\repository\jakarta\persistence\jakarta.persistence-api\3.1.0\jakarta.persistence-api-3.1.0.jar;C:\Users\LAISF\.m2\repository\jakarta\transaction\jakarta.transaction-api\2.0.1\jakarta.transaction-api-2.0.1.jar;C:\Users\LAISF\.m2\repository\org\jboss\logging\jboss-logging\3.5.0.Final\jboss-logging-3.5.0.Final.jar;C:\Users\LAISF\.m2\repository\org\hibernate\common\hibernate-commons-annotations\6.0.6.Final\hibernate-commons-annotations-6.0.6.Final.jar;C:\Users\LAISF\.m2\repository\org\jboss\jandex\2.4.2.Final\jandex-2.4.2.Final.jar;C:\Users\LAISF\.m2\repository\com\fasterxml\classmate\1.5.1\classmate-1.5.1.jar;C:\Users\LAISF\.m2\repository\net\bytebuddy\byte-buddy\1.12.23\byte-buddy-1.12.23.jar;C:\Users\LAISF\.m2\repository\org\glassfish\jaxb\jaxb-runtime\4.0.2\jaxb-runtime-4.0.2.jar;C:\Users\LAISF\.m2\repository\org\glassfish\jaxb\jaxb-core\4.0.2\jaxb-core-4.0.2.jar;C:\Users\LAISF\.m2\repository\org\eclipse\angus\angus-activation\2.0.0\angus-activation-2.0.0.jar;C:\Users\LAISF\.m2\repository\org\glassfish\jaxb\txw2\4.0.2\txw2-4.0.2.jar;C:\Users\LAISF\.m2\repository\
Launcher Type: SUN_STANDARD

[Global flags]
     intx CICompilerCount                          = 3                                         {product} {ergonomic}
     uint ConcGCThreads                            = 1                                         {product} {ergonomic}
     uint G1ConcRefinementThreads                  = 4                                         {product} {ergonomic}
   size_t G1HeapRegionSize                         = 1048576                                   {product} {ergonomic}
    uintx GCDrainStackTargetSize                   = 64                                        {product} {ergonomic}
   size_t InitialHeapSize                          = 65011712                                  {product} {ergonomic}
     bool ManagementServer                         = true                                      {product} {command line}
   size_t MarkStackSize                            = 4194304                                   {product} {ergonomic}
   size_t MaxHeapSize                              = 1031798784                                {product} {ergonomic}
   size_t MaxNewSize                               = 618659840                                 {product} {ergonomic}
   size_t MinHeapDeltaBytes                        = 1048576                                   {product} {ergonomic}
   size_t MinHeapSize                              = 8388608                                   {product} {ergonomic}
    uintx NonProfiledCodeHeapSize                  = 0                                      {pd product} {ergonomic}
     bool ProfileInterpreter                       = false                                  {pd product} {command line}
    uintx ProfiledCodeHeapSize                     = 0                                      {pd product} {ergonomic}
     bool ShowCodeDetailsInExceptionMessages       = true                                   {manageable} {command line}
   size_t SoftMaxHeapSize                          = 1031798784                             {manageable} {ergonomic}
     intx TieredStopAtLevel                        = 1                                         {product} {command line}
     bool UseCompressedClassPointers               = true                           {product lp64_product} {ergonomic}
     bool UseCompressedOops                        = true                           {product lp64_product} {ergonomic}
     bool UseG1GC                                  = true                                      {product} {ergonomic}
     bool UseLargePagesIndividualAllocation        = false                                  {pd product} {ergonomic}

Logging:
Log output configuration:
 #0: stdout all=warning uptime,level,tags
 #1: stderr all=off uptime,level,tags

Environment Variables:
JAVA_HOME=C:\Users\LAISF\Downloads\jdk-17.0.6_windows-x64_bin.exe
PATH=C:/Users/LAISF/eclipse-workspace/sts-4.17.2.RELEASE//plugins/org.eclipse.justj.openjdk.hotspot.jre.full.win32.x86_64_17.0.6.v20230125-1136/jre/bin/server;C:/Users/LAISF/eclipse-workspace/sts-4.17.2.RELEASE//plugins/org.eclipse.justj.openjdk.hotspot.jre.full.win32.x86_64_17.0.6.v20230125-1136/jre/bin;C:\Program Files\Common Files\Oracle\Java\javapath;C:\Windows\system32;C:\Windows;C:\Windows\System32\Wbem;C:\Windows\System32\WindowsPowerShell\v1.0\;C:\Windows\System32\OpenSSH\;C:\ProgramData\UNIVALI\Portugol Studio;C:\Program Files\nodejs\;C:\Program Files\Git\cmd;C:\Users\LAISF\AppData\Local\Microsoft\WindowsApps;C:\Users\LAISF\AppData\Local\GitHubDesktop\bin;C:\Users\LAISF\AppData\Local\Programs\Microsoft VS Code\bin;C:\Users\LAISF\AppData\Roaming\npm;C:\ProgramData\chocolatey\bin;C:\Program Files\Java\jdk-17.0.3.1;;C:\Users\LAISF\eclipse-workspace\sts-4.17.2.RELEASE;
USERNAME=LAISF
OS=Windows_NT
PROCESSOR_IDENTIFIER=Intel64 Family 6 Model 142 Stepping 12, GenuineIntel
TMP=C:\Users\LAISF\AppData\Local\Temp
TEMP=C:\Users\LAISF\AppData\Local\Temp



---------------  S Y S T E M  ---------------

OS:
 Windows 11 , 64 bit Build 22000 (10.0.22000.1516)
OS uptime: 14 days 19:29 hours

CPU: total 4 (initial active 4) (2 cores per cpu, 2 threads per core) family 6 model 142 stepping 12 microcode 0xec, cx8, cmov, fxsr, ht, mmx, 3dnowpref, sse, sse2, sse3, ssse3, sse4.1, sse4.2, popcnt, lzcnt, tsc, tscinvbit, avx, avx2, aes, erms, clmul, bmi1, bmi2, adx, fma, vzeroupper, clflush, clflushopt

Memory: 4k page, system-wide physical 3930M (37M free)
TotalPageFile size 16218M (AvailPageFile size 0M)
current process WorkingSet (physical memory assigned to process): 25M, peak: 25M
current process commit charge ("private bytes"): 119M, peak: 119M

vm_info: OpenJDK 64-Bit Server VM (17.0.6+10) for windows-amd64 JRE (17.0.6+10), built on Jan 18 2023 10:08:59 by "temurin" with MS VC++ 16.7 (VS2019)

END.
